本轮回测结果表: 2022_origin_2023-09-01_2026-02-21.csv
已从 2022_origin_2023-09-01_2026-02-21.csv 加载 53 条已跑记录，用于去重。
已跳过 53 个在相同参数下已跑过的策略。
[1/4] 启动浏览器并打开聚宽页面...
[2/4] 未登录，执行密码登录...
      登录成功。
[3/4] 进入策略列表并进入「2022_origin」文件夹...
      策略列表 URL 已记录，将依次在独立新窗口中回测 41 个策略。

[4/4] 策略 1/41: 2022_origin_py/16.选股因子系列研究(十八) — 价格形态选股因子
      策略编辑器在本页打开，正在迁移到新窗口...
      已在新窗口打开策略编辑器。
      回测区间: 2023-09-01 ~ 2026-02-21, 本金: ￥200000
      已出现回测完成/失败/已取消之一，等待 10 秒后按最终状态判断…
      回测失败。
        交易详情

[4/4] 策略 2/41: 2022_origin_py/18.期权突破策略研究 v1
      策略编辑器在本页打开，正在迁移到新窗口...
      已在新窗口打开策略编辑器。
      回测区间: 2023-09-01 ~ 2026-02-21, 本金: ￥200000
      已出现回测完成/失败/已取消之一，等待 10 秒后按最终状态判断…
      回测失败。
        交易详情

[4/4] 策略 3/41: 2022_origin_py/20.行业轮动的黄金律：日内动量与隔夜反转
      策略编辑器在本页打开，正在迁移到新窗口...
      已在新窗口打开策略编辑器。
      回测区间: 2023-09-01 ~ 2026-02-21, 本金: ￥200000
      已出现回测完成/失败/已取消之一，等待 10 秒后按最终状态判断…
      回测失败。
        交易详情

[4/4] 策略 4/41: 2022_origin_py/26.Xgboost 50ETF 2.0 分钟级回测
      策略编辑器在本页打开，正在迁移到新窗口...
      已在新窗口打开策略编辑器。
      回测区间: 2023-09-01 ~ 2026-02-21, 本金: ￥200000
      已出现回测完成/失败/已取消之一，等待 10 秒后按最终状态判断…
      回测失败。
        交易详情

[4/4] 策略 5/41: 2022_origin_py/29.价值投资优选标的，虽然慢，还是有收益的
      策略编辑器在本页打开，正在迁移到新窗口...
      已在新窗口打开策略编辑器。
      回测区间: 2023-09-01 ~ 2026-02-21, 本金: ￥200000
      已出现回测完成/失败/已取消之一，等待 10 秒后按最终状态判断…
      回测失败。
        交易详情

[4/4] 策略 6/41: 2022_origin_py/30.优质股高抛低吸策略
      策略编辑器在本页打开，正在迁移到新窗口...
      已在新窗口打开策略编辑器。
      回测区间: 2023-09-01 ~ 2026-02-21, 本金: ￥200000
      已出现回测完成/失败/已取消之一，等待 10 秒后按最终状态判断…
      回测失败。
        交易详情
      本策略异常，跳过: Page.goto: Timeout 30000ms exceeded.
Call log:
  - navigating to "https://www.joinquant.com/algorithm/index/list?fId=109397", waiting until "load"

Traceback (most recent call last):
  File "/Users/liuwenlin/Documents/Self/quant/run_jq_backtest.py", line 443, in run
    page.goto(list_url)
  File "/Library/Frameworks/Python.framework/Versions/3.10/lib/python3.10/site-packages/playwright/sync_api/_generated.py", line 9054, in goto
    self._sync(
  File "/Library/Frameworks/Python.framework/Versions/3.10/lib/python3.10/site-packages/playwright/_impl/_sync_base.py", line 115, in _sync
    return task.result()
  File "/Library/Frameworks/Python.framework/Versions/3.10/lib/python3.10/site-packages/playwright/_impl/_page.py", line 552, in goto
    return await self._main_frame.goto(**locals_to_params(locals()))
  File "/Library/Frameworks/Python.framework/Versions/3.10/lib/python3.10/site-packages/playwright/_impl/_frame.py", line 153, in goto
    await self._channel.send(
  File "/Library/Frameworks/Python.framework/Versions/3.10/lib/python3.10/site-packages/playwright/_impl/_connection.py", line 69, in send
    return await self._connection.wrap_api_call(
  File "/Library/Frameworks/Python.framework/Versions/3.10/lib/python3.10/site-packages/playwright/_impl/_connection.py", line 559, in wrap_api_call
    raise rewrite_error(error, f"{parsed_st['apiName']}: {error}") from None
playwright._impl._errors.TimeoutError: Page.goto: Timeout 30000ms exceeded.
Call log:
  - navigating to "https://www.joinquant.com/algorithm/index/list?fId=109397", waiting until "load"

      继续下一个策略。

[4/4] 策略 7/41: 2022_origin_py/34.N进N+1打板策略1.2版
      策略编辑器在本页打开，正在迁移到新窗口...
      已在新窗口打开策略编辑器。
      回测区间: 2023-09-01 ~ 2026-02-21, 本金: ￥200000
      已出现回测完成/失败/已取消之一，等待 10 秒后按最终状态判断…
      回测失败。
        交易详情

[4/4] 策略 8/41: 2022_origin_py/35.量价MACD组合择时-帮你把握股市中的大趋势
      策略编辑器在本页打开，正在迁移到新窗口...
      已在新窗口打开策略编辑器。
      回测区间: 2023-09-01 ~ 2026-02-21, 本金: ￥200000
      已出现回测完成/失败/已取消之一，等待 10 秒后按最终状态判断…
      回测失败。
        交易详情

[4/4] 策略 9/41: 2022_origin_py/36.年化70%，近三年还有效的小市值策略
      策略编辑器在本页打开，正在迁移到新窗口...
      已在新窗口打开策略编辑器。
      回测区间: 2023-09-01 ~ 2026-02-21, 本金: ￥200000
      已出现回测完成/失败/已取消之一，等待 10 秒后按最终状态判断…
      回测失败。
        交易详情

[4/4] 策略 10/41: 2022_origin_py/37.Barra模型初探，A股市场风格解析
      策略编辑器在本页打开，正在迁移到新窗口...
      已在新窗口打开策略编辑器。
      回测区间: 2023-09-01 ~ 2026-02-21, 本金: ￥200000
      已出现回测完成/失败/已取消之一，等待 10 秒后按最终状态判断…
      回测失败。
        交易详情

[4/4] 策略 11/41: 2022_origin_py/39.个股择时有效？因子选股+双均线择时效果初步尝试
      策略编辑器在本页打开，正在迁移到新窗口...
      已在新窗口打开策略编辑器。
      回测区间: 2023-09-01 ~ 2026-02-21, 本金: ￥200000
      已出现回测完成/失败/已取消之一，等待 10 秒后按最终状态判断…
      回测完成，耗时: 12分44秒
      已追加到: /Users/liuwenlin/Documents/Self/quant/2022_origin_2023-09-01_2026-02-21.csv

[4/4] 策略 12/41: 2022_origin_py/4.自带仓位控制的股息率策略，超稳
      策略编辑器在本页打开，正在迁移到新窗口...
      已在新窗口打开策略编辑器。
      回测区间: 2023-09-01 ~ 2026-02-21, 本金: ￥200000
      已出现回测完成/失败/已取消之一，等待 10 秒后按最终状态判断…
      回测完成，耗时: 02分20秒
      已追加到: /Users/liuwenlin/Documents/Self/quant/2022_origin_2023-09-01_2026-02-21.csv

[4/4] 策略 13/41: 2022_origin_py/41.【研报复现】一梦春秋
      策略编辑器在本页打开，正在迁移到新窗口...
      已在新窗口打开策略编辑器。
      回测区间: 2023-09-01 ~ 2026-02-21, 本金: ￥200000
      已出现回测完成/失败/已取消之一，等待 10 秒后按最终状态判断…
      回测完成，耗时: 29分15秒
      已追加到: /Users/liuwenlin/Documents/Self/quant/2022_origin_2023-09-01_2026-02-21.csv

[4/4] 策略 14/41: 2022_origin_py/46.指数择时与仓位管理策略初探
      策略编辑器在本页打开，正在迁移到新窗口...
      已在新窗口打开策略编辑器。
      回测区间: 2023-09-01 ~ 2026-02-21, 本金: ￥200000
      已出现回测完成/失败/已取消之一，等待 10 秒后按最终状态判断…
      回测失败。
        交易详情

[4/4] 策略 15/41: 2022_origin_py/47.基于随机森林和XGBoost的多因子模型分析
      策略编辑器在本页打开，正在迁移到新窗口...
      已在新窗口打开策略编辑器。
      回测区间: 2023-09-01 ~ 2026-02-21, 本金: ￥200000
      已出现回测完成/失败/已取消之一，等待 10 秒后按最终状态判断…
      回测已取消，耗时: 00分02秒，不追加到结果表。

[4/4] 策略 16/41: 2022_origin_py/48.买不到710亿爆款基金怎么办？自己做一个量化价值成长策略吧
      策略编辑器在本页打开，正在迁移到新窗口...
      已在新窗口打开策略编辑器。
      回测区间: 2023-09-01 ~ 2026-02-21, 本金: ￥200000
      已出现回测完成/失败/已取消之一，等待 10 秒后按最终状态判断…
      回测完成，耗时: 00分23秒
      已追加到: /Users/liuwenlin/Documents/Self/quant/2022_origin_2023-09-01_2026-02-21.csv

[4/4] 策略 17/41: 2022_origin_py/49.LLT低延迟趋势线择时交易初探
      策略编辑器在本页打开，正在迁移到新窗口...
      已在新窗口打开策略编辑器。
      回测区间: 2023-09-01 ~ 2026-02-21, 本金: ￥200000
      已出现回测完成/失败/已取消之一，等待 10 秒后按最终状态判断…
      回测失败。
        交易详情

[4/4] 策略 18/41: 2022_origin_py/5.高频策略研究（一）——基于开盘情况预测走势-Copy1
      策略编辑器在本页打开，正在迁移到新窗口...
      已在新窗口打开策略编辑器。
      回测区间: 2023-09-01 ~ 2026-02-21, 本金: ￥200000
      已出现回测完成/失败/已取消之一，等待 10 秒后按最终状态判断…
      回测完成，耗时: 03分03秒
      已追加到: /Users/liuwenlin/Documents/Self/quant/2022_origin_2023-09-01_2026-02-21.csv

[4/4] 策略 19/41: 2022_origin_py/50.K线形态识别与验证-升级
      策略编辑器在本页打开，正在迁移到新窗口...
      已在新窗口打开策略编辑器。
      回测区间: 2023-09-01 ~ 2026-02-21, 本金: ￥200000
      已出现回测完成/失败/已取消之一，等待 10 秒后按最终状态判断…
      回测完成，耗时: (未解析)
      已追加到: /Users/liuwenlin/Documents/Self/quant/2022_origin_2023-09-01_2026-02-21.csv

[4/4] 策略 20/41: 2022_origin_py/52.用指数战胜指数，ETF二八轮动对冲模型
      策略编辑器在本页打开，正在迁移到新窗口...
      已在新窗口打开策略编辑器。
      回测区间: 2023-09-01 ~ 2026-02-21, 本金: ￥200000
      已出现回测完成/失败/已取消之一，等待 10 秒后按最终状态判断…
      回测完成，耗时: 00分14秒
      已追加到: /Users/liuwenlin/Documents/Self/quant/2022_origin_2023-09-01_2026-02-21.csv

[4/4] 策略 21/41: 2022_origin_py/53.【指标研究】MACD日、周、月以及分别级别研究（包含低位二次金叉算法）
      策略编辑器在本页打开，正在迁移到新窗口...
      已在新窗口打开策略编辑器。
      回测区间: 2023-09-01 ~ 2026-02-21, 本金: ￥200000
      已出现回测完成/失败/已取消之一，等待 10 秒后按最终状态判断…
      回测完成，耗时: 00分16秒
      已追加到: /Users/liuwenlin/Documents/Self/quant/2022_origin_2023-09-01_2026-02-21.csv

[4/4] 策略 22/41: 2022_origin_py/57.宏观指标择时检测
      策略编辑器在本页打开，正在迁移到新窗口...
      已在新窗口打开策略编辑器。
      回测区间: 2023-09-01 ~ 2026-02-21, 本金: ￥200000
      已出现回测完成/失败/已取消之一，等待 10 秒后按最终状态判断…
      回测失败。
        交易详情

[4/4] 策略 23/41: 2022_origin_py/58.100%胜率！历史PE估值价值投资择时交易
      策略编辑器在本页打开，正在迁移到新窗口...
      已在新窗口打开策略编辑器。
      回测区间: 2023-09-01 ~ 2026-02-21, 本金: ￥200000
      已出现回测完成/失败/已取消之一，等待 10 秒后按最终状态判断…
      回测完成，耗时: 00分28秒
      已追加到: /Users/liuwenlin/Documents/Self/quant/2022_origin_2023-09-01_2026-02-21.csv

[4/4] 策略 24/41: 2022_origin_py/6.择时，还是宏观数据靠谱（宏观择时集合）
      策略编辑器在本页打开，正在迁移到新窗口...
      已在新窗口打开策略编辑器。
      回测区间: 2023-09-01 ~ 2026-02-21, 本金: ￥200000
      已出现回测完成/失败/已取消之一，等待 10 秒后按最终状态判断…
      回测失败。
        交易详情

[4/4] 策略 25/41: 2022_origin_py/60.2019年3月以来的前日涨停昨日未涨停今日大涨的追涨策略
      策略编辑器在本页打开，正在迁移到新窗口...
      已在新窗口打开策略编辑器。
      回测区间: 2023-09-01 ~ 2026-02-21, 本金: ￥200000
      已出现回测完成/失败/已取消之一，等待 10 秒后按最终状态判断…
      回测已取消，耗时: 11分03秒，不追加到结果表。

[4/4] 策略 26/41: 2022_origin_py/64.传统反转因子的改进与实测
      策略编辑器在本页打开，正在迁移到新窗口...
      已在新窗口打开策略编辑器。
      回测区间: 2023-09-01 ~ 2026-02-21, 本金: ￥200000
      已出现回测完成/失败/已取消之一，等待 10 秒后按最终状态判断…
      回测完成，耗时: 16分01秒
      已追加到: /Users/liuwenlin/Documents/Self/quant/2022_origin_2023-09-01_2026-02-21.csv

[4/4] 策略 27/41: 2022_origin_py/68.RSRS模型深入研究3-二八轮动策略及其探究分析
      策略编辑器在本页打开，正在迁移到新窗口...
      已在新窗口打开策略编辑器。
      回测区间: 2023-09-01 ~ 2026-02-21, 本金: ￥200000
      已出现回测完成/失败/已取消之一，等待 10 秒后按最终状态判断…
      回测失败。
        交易详情

[4/4] 策略 28/41: 2022_origin_py/69.RSRS择时加基本面选股策略优化
      策略编辑器在本页打开，正在迁移到新窗口...
      已在新窗口打开策略编辑器。
      回测区间: 2023-09-01 ~ 2026-02-21, 本金: ￥200000
      已出现回测完成/失败/已取消之一，等待 10 秒后按最终状态判断…
      回测失败。
        交易详情

[4/4] 策略 29/41: 2022_origin_py/7.中文自然语言处理--情感分析
      策略编辑器在本页打开，正在迁移到新窗口...
      已在新窗口打开策略编辑器。
      回测区间: 2023-09-01 ~ 2026-02-21, 本金: ￥200000
      已出现回测完成/失败/已取消之一，等待 10 秒后按最终状态判断…
      回测失败。
        交易详情

[4/4] 策略 30/41: 2022_origin_py/70.年化64%的市值选股策略（有止损模块）
      策略编辑器在本页打开，正在迁移到新窗口...
      已在新窗口打开策略编辑器。
      回测区间: 2023-09-01 ~ 2026-02-21, 本金: ￥200000
      已出现回测完成/失败/已取消之一，等待 10 秒后按最终状态判断…
      回测已取消，耗时: 37分49秒，不追加到结果表。

[4/4] 策略 31/41: 2022_origin_py/71.年化42%的市值选股与阶梯调仓策略
      策略编辑器在本页打开，正在迁移到新窗口...
      已在新窗口打开策略编辑器。
      回测区间: 2023-09-01 ~ 2026-02-21, 本金: ￥200000
      已出现回测完成/失败/已取消之一，等待 10 秒后按最终状态判断…
      回测完成，耗时: 05分34秒
      已追加到: /Users/liuwenlin/Documents/Self/quant/2022_origin_2023-09-01_2026-02-21.csv

[4/4] 策略 32/41: 2022_origin_py/76.向云帆致敬—— 宏观数据择时策略——极速版代码
      策略编辑器在本页打开，正在迁移到新窗口...
      已在新窗口打开策略编辑器。
      回测区间: 2023-09-01 ~ 2026-02-21, 本金: ￥200000
      已出现回测完成/失败/已取消之一，等待 10 秒后按最终状态判断…
      回测失败。
        交易详情

[4/4] 策略 33/41: 2022_origin_py/77.TensorFlow 学习之循环神经网络（RNN）
      策略编辑器在本页打开，正在迁移到新窗口...
      已在新窗口打开策略编辑器。
      回测区间: 2023-09-01 ~ 2026-02-21, 本金: ￥200000
      已出现回测完成/失败/已取消之一，等待 10 秒后按最终状态判断…
      回测已取消，耗时: 41分59秒，不追加到结果表。

[4/4] 策略 34/41: 2022_origin_py/8.多因子策略研究代码框架
      策略编辑器在本页打开，正在迁移到新窗口...
      已在新窗口打开策略编辑器。
      回测区间: 2023-09-01 ~ 2026-02-21, 本金: ￥200000
      已出现回测完成/失败/已取消之一，等待 10 秒后按最终状态判断…
      回测失败。
        交易详情

[4/4] 策略 35/41: 2022_origin_py/81.有脑子，会调整权重的动态多因子模型
      策略编辑器在本页打开，正在迁移到新窗口...
      已在新窗口打开策略编辑器。
      回测区间: 2023-09-01 ~ 2026-02-21, 本金: ￥200000
      已出现回测完成/失败/已取消之一，等待 10 秒后按最终状态判断…
      回测失败。
        交易详情

[4/4] 策略 36/41: 2022_origin_py/82.RSRS择时+机器学习选股
      策略编辑器在本页打开，正在迁移到新窗口...
      已在新窗口打开策略编辑器。
      回测区间: 2023-09-01 ~ 2026-02-21, 本金: ￥200000
      已出现回测完成/失败/已取消之一，等待 10 秒后按最终状态判断…
      回测失败。
        交易详情

[4/4] 策略 37/41: 2022_origin_py/88.一个简单策略，看起来还行。
      策略编辑器在本页打开，正在迁移到新窗口...
      已在新窗口打开策略编辑器。
      回测区间: 2023-09-01 ~ 2026-02-21, 本金: ￥200000
      已出现回测完成/失败/已取消之一，等待 10 秒后按最终状态判断…
      回测失败。
        交易详情

[4/4] 策略 38/41: 2022_origin_py/9.高频Tick频率策略分享
      策略编辑器在本页打开，正在迁移到新窗口...
      已在新窗口打开策略编辑器。
      回测区间: 2023-09-01 ~ 2026-02-21, 本金: ￥200000
      已出现回测完成/失败/已取消之一，等待 10 秒后按最终状态判断…
      回测失败。
        交易详情

[4/4] 策略 39/41: 2022_origin_py/94.量化排雷—一个实用排雷系统
      策略编辑器在本页打开，正在迁移到新窗口...
      已在新窗口打开策略编辑器。
      回测区间: 2023-09-01 ~ 2026-02-21, 本金: ￥200000
      已出现回测完成/失败/已取消之一，等待 10 秒后按最终状态判断…
      回测失败。
        交易详情

[4/4] 策略 40/41: 2022_origin_py/97.基于机器学习的多因子选股策略
      策略编辑器在本页打开，正在迁移到新窗口...
      已在新窗口打开策略编辑器。
      回测区间: 2023-09-01 ~ 2026-02-21, 本金: ￥200000
      已出现回测完成/失败/已取消之一，等待 10 秒后按最终状态判断…
      回测完成，耗时: 32分19秒
      已追加到: /Users/liuwenlin/Documents/Self/quant/2022_origin_2023-09-01_2026-02-21.csv

[4/4] 策略 41/41: 2022_origin_py/98.复现东方证券研报--特质波动率因子研究
      策略编辑器在本页打开，正在迁移到新窗口...
      已在新窗口打开策略编辑器。
      回测区间: 2023-09-01 ~ 2026-02-21, 本金: ￥200000
      已出现回测完成/失败/已取消之一，等待 10 秒后按最终状态判断…
      回测失败。
        交易详情

全部策略回测结束。
回测参数：2023-09-01 ~ 2026-02-21，本金 ￥200000
浏览器已关闭。
