本轮回测结果表: joinquant_backtest_results_2023-09-01_2026-02-21.csv
[1/4] 启动浏览器并打开聚宽页面...
[2/4] 未登录，执行密码登录...
      登录成功。
[3/4] 进入策略列表并进入「自己」文件夹...
      策略列表 URL 已记录，将依次在独立新窗口中回测 100 个策略。

[4/4] 策略 1/100: 2025_origin_py/10.10年52倍，年化59，全新因子方法超稳定
      策略编辑器在本页打开，正在迁移到新窗口...
      已在新窗口打开策略编辑器。
      回测区间: 2023-09-01 ~ 2026-02-21, 本金: ￥200000
      回测完成，耗时: 01分40秒
      已追加到: /Users/liuwenlin/Documents/Self/quant/joinquant_backtest_results_2023-09-01_2026-02-21.csv

[4/4] 策略 2/100: 2025_origin_py/100使用K-means 聚类对基金分类
      策略编辑器在本页打开，正在迁移到新窗口...
      已在新窗口打开策略编辑器。
      回测区间: 2023-09-01 ~ 2026-02-21, 本金: ￥200000
      回测完成，耗时: 00分11秒
      已追加到: /Users/liuwenlin/Documents/Self/quant/joinquant_backtest_results_2023-09-01_2026-02-21.csv

[4/4] 策略 3/100: 2025_origin_py/11低风险中等收益策略
      策略编辑器在本页打开，正在迁移到新窗口...
      已在新窗口打开策略编辑器。
      回测区间: 2023-09-01 ~ 2026-02-21, 本金: ￥200000
      回测完成，耗时: 04分06秒
      已追加到: /Users/liuwenlin/Documents/Self/quant/joinquant_backtest_results_2023-09-01_2026-02-21.csv

[4/4] 策略 4/100: 2025_origin_py/12用子账户模拟多策略分仓
      策略编辑器在本页打开，正在迁移到新窗口...
      已在新窗口打开策略编辑器。
      回测区间: 2023-09-01 ~ 2026-02-21, 本金: ￥200000
      在设定时间内未检测到「回测完成」或「回测失败」，请稍后手动查看。

[4/4] 策略 5/100: 2025_origin_py/13首板高开-低开-弱转强混合策略（今年收益1138.61）
      策略编辑器在本页打开，正在迁移到新窗口...
      已在新窗口打开策略编辑器。
      回测区间: 2023-09-01 ~ 2026-02-21, 本金: ￥200000
      在设定时间内未检测到「回测完成」或「回测失败」，请稍后手动查看。

[4/4] 策略 6/100: 2025_origin_py/14安全摸狗策略
      策略编辑器在本页打开，正在迁移到新窗口...
      已在新窗口打开策略编辑器。
      回测区间: 2023-09-01 ~ 2026-02-21, 本金: ￥200000
      回测完成，耗时: (未解析)
      已追加到: /Users/liuwenlin/Documents/Self/quant/joinquant_backtest_results_2023-09-01_2026-02-21.csv

[4/4] 策略 7/100: 2025_origin_py/15小市值排除3个bug版，22年至今收益506
      策略编辑器在本页打开，正在迁移到新窗口...
      已在新窗口打开策略编辑器。
      回测区间: 2023-09-01 ~ 2026-02-21, 本金: ￥200000
      回测完成，耗时: (未解析)
      已追加到: /Users/liuwenlin/Documents/Self/quant/joinquant_backtest_results_2023-09-01_2026-02-21.csv

[4/4] 策略 8/100: 2025_origin_py/16集合竞价三合一，今年收益1067
      策略编辑器在本页打开，正在迁移到新窗口...
      已在新窗口打开策略编辑器。
      回测区间: 2023-09-01 ~ 2026-02-21, 本金: ￥200000
      在设定时间内未检测到「回测完成」或「回测失败」，请稍后手动查看。

[4/4] 策略 9/100: 2025_origin_py/17多品种ETF动量轮动+EPO优化
      策略编辑器在本页打开，正在迁移到新窗口...
      已在新窗口打开策略编辑器。
      回测区间: 2023-09-01 ~ 2026-02-21, 本金: ￥200000
      回测完成，耗时: 00分15秒
      已追加到: /Users/liuwenlin/Documents/Self/quant/joinquant_backtest_results_2023-09-01_2026-02-21.csv

[4/4] 策略 10/100: 2025_origin_py/18国庆节献礼：实例说明白马股攻防转换策略
      策略编辑器在本页打开，正在迁移到新窗口...
      已在新窗口打开策略编辑器。
      回测区间: 2023-09-01 ~ 2026-02-21, 本金: ￥200000
      回测完成，耗时: 00分15秒
      已追加到: /Users/liuwenlin/Documents/Self/quant/joinquant_backtest_results_2023-09-01_2026-02-21.csv

[4/4] 策略 11/100: 2025_origin_py/19机器学习线性回归小市值
      策略编辑器在本页打开，正在迁移到新窗口...
      已在新窗口打开策略编辑器。
      回测区间: 2023-09-01 ~ 2026-02-21, 本金: ￥200000
      在设定时间内未检测到「回测完成」或「回测失败」，请稍后手动查看。

[4/4] 策略 12/100: 2025_origin_py/1首板低开策略
      策略编辑器在本页打开，正在迁移到新窗口...
      已在新窗口打开策略编辑器。
      回测区间: 2023-09-01 ~ 2026-02-21, 本金: ￥200000
      在设定时间内未检测到「回测完成」或「回测失败」，请稍后手动查看。

[4/4] 策略 13/100: 2025_origin_py/20小盘股动态调仓，100只10年17倍
      策略编辑器在本页打开，正在迁移到新窗口...
      已在新窗口打开策略编辑器。
      回测区间: 2023-09-01 ~ 2026-02-21, 本金: ￥200000
      回测完成，耗时: (未解析)
      已追加到: /Users/liuwenlin/Documents/Self/quant/joinquant_backtest_results_2023-09-01_2026-02-21.csv

[4/4] 策略 14/100: 2025_origin_py/21【原创】年化123涨停弱转强竞价战法
      策略编辑器在本页打开，正在迁移到新窗口...
      已在新窗口打开策略编辑器。
      回测区间: 2023-09-01 ~ 2026-02-21, 本金: ￥200000
      回测完成，耗时: (未解析)
      已追加到: /Users/liuwenlin/Documents/Self/quant/joinquant_backtest_results_2023-09-01_2026-02-21.csv

[4/4] 策略 15/100: 2025_origin_py/22带上止损的核心资产轮动才更安心，低回撤，高收益率
      策略编辑器在本页打开，正在迁移到新窗口...
      已在新窗口打开策略编辑器。
      回测区间: 2023-09-01 ~ 2026-02-21, 本金: ￥200000
      回测完成，耗时: (未解析)
      已追加到: /Users/liuwenlin/Documents/Self/quant/joinquant_backtest_results_2023-09-01_2026-02-21.csv

[4/4] 策略 16/100: 2025_origin_py/23大盘择时，逻辑简单
      策略编辑器在本页打开，正在迁移到新窗口...
      已在新窗口打开策略编辑器。
      回测区间: 2023-09-01 ~ 2026-02-21, 本金: ￥200000
      回测完成，耗时: (未解析)
      已追加到: /Users/liuwenlin/Documents/Self/quant/joinquant_backtest_results_2023-09-01_2026-02-21.csv

[4/4] 策略 17/100: 2025_origin_py/24大容量低回撤价值投资-排除小市值因子
      策略编辑器在本页打开，正在迁移到新窗口...
      已在新窗口打开策略编辑器。
      回测区间: 2023-09-01 ~ 2026-02-21, 本金: ￥200000
      回测完成，耗时: (未解析)
      已追加到: /Users/liuwenlin/Documents/Self/quant/joinquant_backtest_results_2023-09-01_2026-02-21.csv

[4/4] 策略 18/100: 2025_origin_py/25冷饭热吃之三，14年至今年华99.99
      策略编辑器在本页打开，正在迁移到新窗口...
      已在新窗口打开策略编辑器。
      回测区间: 2023-09-01 ~ 2026-02-21, 本金: ￥200000
      回测完成，耗时: 03分33秒
      已追加到: /Users/liuwenlin/Documents/Self/quant/joinquant_backtest_results_2023-09-01_2026-02-21.csv

[4/4] 策略 19/100: 2025_origin_py/26波动率过滤后相关性最小etf轮动
      策略编辑器在本页打开，正在迁移到新窗口...
      已在新窗口打开策略编辑器。
      回测区间: 2023-09-01 ~ 2026-02-21, 本金: ￥200000
      回测完成，耗时: 00分38秒
      已追加到: /Users/liuwenlin/Documents/Self/quant/joinquant_backtest_results_2023-09-01_2026-02-21.csv

[4/4] 策略 20/100: 2025_origin_py/27人工智能强化学习DQN交易智能体（回馈社区公开训练代码）
      策略编辑器在本页打开，正在迁移到新窗口...
      已在新窗口打开策略编辑器。
      回测区间: 2023-09-01 ~ 2026-02-21, 本金: ￥200000
      回测完成，耗时: (未解析)
      已追加到: /Users/liuwenlin/Documents/Self/quant/joinquant_backtest_results_2023-09-01_2026-02-21.csv

[4/4] 策略 21/100: 2025_origin_py/28韶华研究之十九，一致性用在微盘控制回撤
      策略编辑器在本页打开，正在迁移到新窗口...
      已在新窗口打开策略编辑器。
      回测区间: 2023-09-01 ~ 2026-02-21, 本金: ￥200000
      在设定时间内未检测到「回测完成」或「回测失败」，请稍后手动查看。

[4/4] 策略 22/100: 2025_origin_py/29穿越牛熊2.0(非小市值)年化50%的cta策略
      策略编辑器在本页打开，正在迁移到新窗口...
      已在新窗口打开策略编辑器。
      回测区间: 2023-09-01 ~ 2026-02-21, 本金: ￥200000
      回测完成，耗时: 00分19秒
      已追加到: /Users/liuwenlin/Documents/Self/quant/joinquant_backtest_results_2023-09-01_2026-02-21.csv

[4/4] 策略 23/100: 2025_origin_py/2连板龙头策略
      策略编辑器在本页打开，正在迁移到新窗口...
      已在新窗口打开策略编辑器。
      回测区间: 2023-09-01 ~ 2026-02-21, 本金: ￥200000
      在设定时间内未检测到「回测完成」或「回测失败」，请稍后手动查看。

[4/4] 策略 24/100: 2025_origin_py/30错杀反弹，掌握人性规律，开启投资新纪元
      策略编辑器在本页打开，正在迁移到新窗口...
      已在新窗口打开策略编辑器。
      回测区间: 2023-09-01 ~ 2026-02-21, 本金: ￥200000
      回测完成，耗时: (未解析)
      已追加到: /Users/liuwenlin/Documents/Self/quant/joinquant_backtest_results_2023-09-01_2026-02-21.csv

[4/4] 策略 25/100: 2025_origin_py/31蛇皮走位小市值策略V1.0
      策略编辑器在本页打开，正在迁移到新窗口...
      已在新窗口打开策略编辑器。
      回测区间: 2023-09-01 ~ 2026-02-21, 本金: ￥200000
      回测完成，耗时: 02分13秒
      已追加到: /Users/liuwenlin/Documents/Self/quant/joinquant_backtest_results_2023-09-01_2026-02-21.csv

[4/4] 策略 26/100: 2025_origin_py/32EPO优化低相关etf组合
      策略编辑器在本页打开，正在迁移到新窗口...
      已在新窗口打开策略编辑器。
      回测区间: 2023-09-01 ~ 2026-02-21, 本金: ￥200000
      回测完成，耗时: 00分12秒
      已追加到: /Users/liuwenlin/Documents/Self/quant/joinquant_backtest_results_2023-09-01_2026-02-21.csv

[4/4] 策略 27/100: 2025_origin_py/33回馈社区顺便搞积分《一个完整的机器学习pipeline》
      策略编辑器在本页打开，正在迁移到新窗口...
      已在新窗口打开策略编辑器。
      回测区间: 2023-09-01 ~ 2026-02-21, 本金: ￥200000
      回测完成，耗时: (未解析)
      已追加到: /Users/liuwenlin/Documents/Self/quant/joinquant_backtest_results_2023-09-01_2026-02-21.csv

[4/4] 策略 28/100: 2025_origin_py/34十年回测 年化103.32% 最大回撤23.89%
      策略编辑器在本页打开，正在迁移到新窗口...
      已在新窗口打开策略编辑器。
      回测区间: 2023-09-01 ~ 2026-02-21, 本金: ￥200000
      回测完成，耗时: 03分05秒
      已追加到: /Users/liuwenlin/Documents/Self/quant/joinquant_backtest_results_2023-09-01_2026-02-21.csv

[4/4] 策略 29/100: 2025_origin_py/35【菜场大妈】股息率小市值策略,10年206倍,5年10.8倍
      策略编辑器在本页打开，正在迁移到新窗口...
      已在新窗口打开策略编辑器。
      回测区间: 2023-09-01 ~ 2026-02-21, 本金: ￥200000
      回测完成，耗时: 01分29秒
      已追加到: /Users/liuwenlin/Documents/Self/quant/joinquant_backtest_results_2023-09-01_2026-02-21.csv

[4/4] 策略 30/100: 2025_origin_py/36快过年了。不想呆在小市值的，可以拿这个策略躲一躲
      策略编辑器在本页打开，正在迁移到新窗口...
      已在新窗口打开策略编辑器。
      回测区间: 2023-09-01 ~ 2026-02-21, 本金: ￥200000
      回测完成，耗时: 00分21秒
      已追加到: /Users/liuwenlin/Documents/Self/quant/joinquant_backtest_results_2023-09-01_2026-02-21.csv

[4/4] 策略 31/100: 2025_origin_py/37微盘股扩散指数双均线择时
      策略编辑器在本页打开，正在迁移到新窗口...
      已在新窗口打开策略编辑器。
      回测区间: 2023-09-01 ~ 2026-02-21, 本金: ￥200000
      回测完成，耗时: (未解析)
      已追加到: /Users/liuwenlin/Documents/Self/quant/joinquant_backtest_results_2023-09-01_2026-02-21.csv

[4/4] 策略 32/100: 2025_origin_py/38ETF策略之核心资产轮动（线性增加权重）
      策略编辑器在本页打开，正在迁移到新窗口...
      已在新窗口打开策略编辑器。
      回测区间: 2023-09-01 ~ 2026-02-21, 本金: ￥200000
      回测完成，耗时: 00分14秒
      已追加到: /Users/liuwenlin/Documents/Self/quant/joinquant_backtest_results_2023-09-01_2026-02-21.csv

[4/4] 策略 33/100: 2025_origin_py/39干积分-大小盘反复横跳V2.0
      策略编辑器在本页打开，正在迁移到新窗口...
      已在新窗口打开策略编辑器。
      回测区间: 2023-09-01 ~ 2026-02-21, 本金: ￥200000
      回测完成，耗时: (未解析)
      已追加到: /Users/liuwenlin/Documents/Self/quant/joinquant_backtest_results_2023-09-01_2026-02-21.csv

[4/4] 策略 34/100: 2025_origin_py/3、5年15倍的收益，年化79.93，可实盘，拿走不谢！
      策略编辑器在本页打开，正在迁移到新窗口...
      已在新窗口打开策略编辑器。
      回测区间: 2023-09-01 ~ 2026-02-21, 本金: ￥200000
      在设定时间内未检测到「回测完成」或「回测失败」，请稍后手动查看。

[4/4] 策略 35/100: 2025_origin_py/40高股息策略
      策略编辑器在本页打开，正在迁移到新窗口...
      已在新窗口打开策略编辑器。
      回测区间: 2023-09-01 ~ 2026-02-21, 本金: ￥200000
      在设定时间内未检测到「回测完成」或「回测失败」，请稍后手动查看。

[4/4] 策略 36/100: 2025_origin_py/41SVR机器学习上证综指择时中小板财务选股策略
      策略编辑器在本页打开，正在迁移到新窗口...
      已在新窗口打开策略编辑器。
      回测区间: 2023-09-01 ~ 2026-02-21, 本金: ￥200000
      回测完成，耗时: 03分16秒
      已追加到: /Users/liuwenlin/Documents/Self/quant/joinquant_backtest_results_2023-09-01_2026-02-21.csv

[4/4] 策略 37/100: 2025_origin_py/42国九条：三年分红5千万以下且占净利润30以下将被ST
      策略编辑器在本页打开，正在迁移到新窗口...
      已在新窗口打开策略编辑器。
      回测区间: 2023-09-01 ~ 2026-02-21, 本金: ￥200000
      回测完成，耗时: 03分28秒
      已追加到: /Users/liuwenlin/Documents/Self/quant/joinquant_backtest_results_2023-09-01_2026-02-21.csv

[4/4] 策略 38/100: 2025_origin_py/43小市值再优化【年化98 回撤27】无未来函数
      策略编辑器在本页打开，正在迁移到新窗口...
      已在新窗口打开策略编辑器。
      回测区间: 2023-09-01 ~ 2026-02-21, 本金: ￥200000
      回测完成，耗时: 03分09秒
      已追加到: /Users/liuwenlin/Documents/Self/quant/joinquant_backtest_results_2023-09-01_2026-02-21.csv

[4/4] 策略 39/100: 2025_origin_py/44国九条 年化130.74% 回撤11% 众神Debug版
      策略编辑器在本页打开，正在迁移到新窗口...
      已在新窗口打开策略编辑器。
      回测区间: 2023-09-01 ~ 2026-02-21, 本金: ￥200000
      回测完成，耗时: 02分57秒
      已追加到: /Users/liuwenlin/Documents/Self/quant/joinquant_backtest_results_2023-09-01_2026-02-21.csv

[4/4] 策略 40/100: 2025_origin_py/45此消彼长
      策略编辑器在本页打开，正在迁移到新窗口...
      已在新窗口打开策略编辑器。
      回测区间: 2023-09-01 ~ 2026-02-21, 本金: ￥200000
      回测完成，耗时: 03分17秒
      已追加到: /Users/liuwenlin/Documents/Self/quant/joinquant_backtest_results_2023-09-01_2026-02-21.csv

[4/4] 策略 41/100: 2025_origin_py/46高增股池小市值轮动
      策略编辑器在本页打开，正在迁移到新窗口...
      已在新窗口打开策略编辑器。
      回测区间: 2023-09-01 ~ 2026-02-21, 本金: ￥200000
      回测完成，耗时: (未解析)
      已追加到: /Users/liuwenlin/Documents/Self/quant/joinquant_backtest_results_2023-09-01_2026-02-21.csv

[4/4] 策略 42/100: 2025_origin_py/47多策略整合大E小十年百倍（年化64）
      策略编辑器在本页打开，正在迁移到新窗口...
      已在新窗口打开策略编辑器。
      回测区间: 2023-09-01 ~ 2026-02-21, 本金: ￥200000
      回测完成，耗时: 02分19秒
      已追加到: /Users/liuwenlin/Documents/Self/quant/joinquant_backtest_results_2023-09-01_2026-02-21.csv

[4/4] 策略 43/100: 2025_origin_py/48投资回报率ROIC中等市值
      策略编辑器在本页打开，正在迁移到新窗口...
      已在新窗口打开策略编辑器。
      回测区间: 2023-09-01 ~ 2026-02-21, 本金: ￥200000
      回测完成，耗时: (未解析)
      已追加到: /Users/liuwenlin/Documents/Self/quant/joinquant_backtest_results_2023-09-01_2026-02-21.csv

[4/4] 策略 44/100: 2025_origin_py/49干货贴《机器学习5折保形回归》 
      策略编辑器在本页打开，正在迁移到新窗口...
      已在新窗口打开策略编辑器。
      回测区间: 2023-09-01 ~ 2026-02-21, 本金: ￥200000
      回测完成，耗时: (未解析)
      已追加到: /Users/liuwenlin/Documents/Self/quant/joinquant_backtest_results_2023-09-01_2026-02-21.csv

[4/4] 策略 45/100: 2025_origin_py/4高股息低市盈率高增长的价投策略
      策略编辑器在本页打开，正在迁移到新窗口...
      已在新窗口打开策略编辑器。
      回测区间: 2023-09-01 ~ 2026-02-21, 本金: ￥200000
      回测完成，耗时: 00分52秒
      已追加到: /Users/liuwenlin/Documents/Self/quant/joinquant_backtest_results_2023-09-01_2026-02-21.csv

[4/4] 策略 46/100: 2025_origin_py/50分享一种K线小碎步后突破的分钟级打法
      策略编辑器在本页打开，正在迁移到新窗口...
      已在新窗口打开策略编辑器。
      回测区间: 2023-09-01 ~ 2026-02-21, 本金: ￥200000
