本轮回测结果表: joinquant_backtest_results_2023-09-01_2026-02-21.csv
已从 joinquant_backtest_results_2023-09-01_2026-02-21.csv 加载 35 条已跑记录，用于去重。
已跳过 34 个在相同参数下已跑过的策略。
[1/4] 启动浏览器并打开聚宽页面...
[2/4] 未登录，执行密码登录...
      登录成功。
[3/4] 进入策略列表并进入「自己」文件夹...
      策略列表 URL 已记录，将依次在独立新窗口中回测 66 个策略。

[4/4] 策略 1/66: 2025_origin_py/12用子账户模拟多策略分仓
      策略编辑器在本页打开，正在迁移到新窗口...
      已在新窗口打开策略编辑器。
      回测区间: 2023-09-01 ~ 2026-02-21, 本金: ￥200000
      在设定时间内未检测到「回测完成」或「回测失败」，先尝试停止回测再关闭。
      已取消回测并确认，关闭页面。

[4/4] 策略 2/66: 2025_origin_py/13首板高开-低开-弱转强混合策略（今年收益1138.61）
      策略编辑器在本页打开，正在迁移到新窗口...
      已在新窗口打开策略编辑器。
      回测区间: 2023-09-01 ~ 2026-02-21, 本金: ￥200000
      在设定时间内未检测到「回测完成」或「回测失败」，先尝试停止回测再关闭。
      已取消回测并确认，关闭页面。

[4/4] 策略 3/66: 2025_origin_py/16集合竞价三合一，今年收益1067
      策略编辑器在本页打开，正在迁移到新窗口...
      已在新窗口打开策略编辑器。
      回测区间: 2023-09-01 ~ 2026-02-21, 本金: ￥200000
      在设定时间内未检测到「回测完成」或「回测失败」，先尝试停止回测再关闭。
      已取消回测并确认，关闭页面。

[4/4] 策略 4/66: 2025_origin_py/19机器学习线性回归小市值
      策略编辑器在本页打开，正在迁移到新窗口...
      已在新窗口打开策略编辑器。
      回测区间: 2023-09-01 ~ 2026-02-21, 本金: ￥200000
      在设定时间内未检测到「回测完成」或「回测失败」，先尝试停止回测再关闭。
      已取消回测并确认，关闭页面。

[4/4] 策略 5/66: 2025_origin_py/1首板低开策略
      策略编辑器在本页打开，正在迁移到新窗口...
      已在新窗口打开策略编辑器。
      回测区间: 2023-09-01 ~ 2026-02-21, 本金: ￥200000
      在设定时间内未检测到「回测完成」或「回测失败」，先尝试停止回测再关闭。
      已取消回测并确认，关闭页面。

[4/4] 策略 6/66: 2025_origin_py/21【原创】年化123涨停弱转强竞价战法
      策略编辑器在本页打开，正在迁移到新窗口...
      已在新窗口打开策略编辑器。
      回测区间: 2023-09-01 ~ 2026-02-21, 本金: ￥200000
      回测完成，耗时: (未解析)
      已追加到: /Users/liuwenlin/Documents/Self/quant/joinquant_backtest_results_2023-09-01_2026-02-21.csv

[4/4] 策略 7/66: 2025_origin_py/28韶华研究之十九，一致性用在微盘控制回撤
      策略编辑器在本页打开，正在迁移到新窗口...
      已在新窗口打开策略编辑器。
      回测区间: 2023-09-01 ~ 2026-02-21, 本金: ￥200000
      在设定时间内未检测到「回测完成」或「回测失败」，先尝试停止回测再关闭。
      已取消回测并确认，关闭页面。

[4/4] 策略 8/66: 2025_origin_py/2连板龙头策略
      策略编辑器在本页打开，正在迁移到新窗口...
      已在新窗口打开策略编辑器。
      回测区间: 2023-09-01 ~ 2026-02-21, 本金: ￥200000
      在设定时间内未检测到「回测完成」或「回测失败」，先尝试停止回测再关闭。
      已取消回测并确认，关闭页面。

[4/4] 策略 9/66: 2025_origin_py/3、5年15倍的收益，年化79.93，可实盘，拿走不谢！
      策略编辑器在本页打开，正在迁移到新窗口...
      已在新窗口打开策略编辑器。
      回测区间: 2023-09-01 ~ 2026-02-21, 本金: ￥200000
      在设定时间内未检测到「回测完成」或「回测失败」，先尝试停止回测再关闭。
      已取消回测并确认，关闭页面。

[4/4] 策略 10/66: 2025_origin_py/40高股息策略
      策略编辑器在本页打开，正在迁移到新窗口...
      已在新窗口打开策略编辑器。
      回测区间: 2023-09-01 ~ 2026-02-21, 本金: ￥200000
      在设定时间内未检测到「回测完成」或「回测失败」，先尝试停止回测再关闭。
      已取消回测并确认，关闭页面。

[4/4] 策略 11/66: 2025_origin_py/44国九条 年化130.74% 回撤11% 众神Debug版
      策略编辑器在本页打开，正在迁移到新窗口...
      已在新窗口打开策略编辑器。
      回测区间: 2023-09-01 ~ 2026-02-21, 本金: ￥200000
      回测完成，耗时: 02分56秒
      已追加到: /Users/liuwenlin/Documents/Self/quant/joinquant_backtest_results_2023-09-01_2026-02-21.csv

[4/4] 策略 12/66: 2025_origin_py/49干货贴《机器学习5折保形回归》 
      策略编辑器在本页打开，正在迁移到新窗口...
      已在新窗口打开策略编辑器。
      回测区间: 2023-09-01 ~ 2026-02-21, 本金: ￥200000
      回测完成，耗时: 03分28秒
      已追加到: /Users/liuwenlin/Documents/Self/quant/joinquant_backtest_results_2023-09-01_2026-02-21.csv

[4/4] 策略 13/66: 2025_origin_py/51“四大搅屎棍策略”学习笔记-有魔改
      策略编辑器在本页打开，正在迁移到新窗口...
      已在新窗口打开策略编辑器。
      回测区间: 2023-09-01 ~ 2026-02-21, 本金: ￥200000
      回测完成，耗时: (未解析)
      已追加到: /Users/liuwenlin/Documents/Self/quant/joinquant_backtest_results_2023-09-01_2026-02-21.csv

[4/4] 策略 14/66: 2025_origin_py/52机器学习滚动训练价投策略
      策略编辑器在本页打开，正在迁移到新窗口...
      已在新窗口打开策略编辑器。
      回测区间: 2023-09-01 ~ 2026-02-21, 本金: ￥200000
      在设定时间内未检测到「回测完成」或「回测失败」，先尝试停止回测再关闭。
      已取消回测并确认，关闭页面。

[4/4] 策略 15/66: 2025_origin_py/53TSmall-100, 微盘三正
      策略编辑器在本页打开，正在迁移到新窗口...
      已在新窗口打开策略编辑器。
      回测区间: 2023-09-01 ~ 2026-02-21, 本金: ￥200000
      在设定时间内未检测到「回测完成」或「回测失败」，先尝试停止回测再关闭。
      已取消回测并确认，关闭页面。

[4/4] 策略 16/66: 2025_origin_py/54发一个学习策略5年70倍，思路可以学习
      策略编辑器在本页打开，正在迁移到新窗口...
      已在新窗口打开策略编辑器。
      回测区间: 2023-09-01 ~ 2026-02-21, 本金: ￥200000
      在设定时间内未检测到「回测完成」或「回测失败」，先尝试停止回测再关闭。
      已取消回测并确认，关闭页面。

[4/4] 策略 17/66: 2025_origin_py/55怎么让龟速变奔跑？以“首版突破一进二”为例
      策略编辑器在本页打开，正在迁移到新窗口...
      已在新窗口打开策略编辑器。
      回测区间: 2023-09-01 ~ 2026-02-21, 本金: ￥200000
      在设定时间内未检测到「回测完成」或「回测失败」，先尝试停止回测再关闭。
      已取消回测并确认，关闭页面。

[4/4] 策略 18/66: 2025_origin_py/56基于趋势、拥挤、景气的行业轮动，及行业强势个股的选择
      策略编辑器在本页打开，正在迁移到新窗口...
      已在新窗口打开策略编辑器。
      回测区间: 2023-09-01 ~ 2026-02-21, 本金: ￥200000
      在设定时间内未检测到「回测完成」或「回测失败」，先尝试停止回测再关闭。
      已取消回测并确认，关闭页面。

[4/4] 策略 19/66: 2025_origin_py/57韶华研究之十八，201系列
      策略编辑器在本页打开，正在迁移到新窗口...
      已在新窗口打开策略编辑器。
      回测区间: 2023-09-01 ~ 2026-02-21, 本金: ￥200000
      在设定时间内未检测到「回测完成」或「回测失败」，先尝试停止回测再关闭。
      已取消回测并确认，关闭页面。

[4/4] 策略 20/66: 2025_origin_py/58Debug-输出信息-多标的版ETF策略(ETF复现之三）
      策略编辑器在本页打开，正在迁移到新窗口...
      已在新窗口打开策略编辑器。
      回测区间: 2023-09-01 ~ 2026-02-21, 本金: ￥200000
      回测完成，耗时: 01分19秒
      已追加到: /Users/liuwenlin/Documents/Self/quant/joinquant_backtest_results_2023-09-01_2026-02-21.csv

[4/4] 策略 21/66: 2025_origin_py/59追板策略，今年收益已翻倍，低操作低回撤高收益可实盘
      策略编辑器在本页打开，正在迁移到新窗口...
      已在新窗口打开策略编辑器。
      回测区间: 2023-09-01 ~ 2026-02-21, 本金: ￥200000
      在设定时间内未检测到「回测完成」或「回测失败」，先尝试停止回测再关闭。
      已取消回测并确认，关闭页面。

[4/4] 策略 22/66: 2025_origin_py/5四大搅屎棍策略
      策略编辑器在本页打开，正在迁移到新窗口...
      已在新窗口打开策略编辑器。
      回测区间: 2023-09-01 ~ 2026-02-21, 本金: ￥200000
      回测完成，耗时: 03分26秒
      已追加到: /Users/liuwenlin/Documents/Self/quant/joinquant_backtest_results_2023-09-01_2026-02-21.csv

[4/4] 策略 23/66: 2025_origin_py/60高股息V1.0（小程序公开股池）
      策略编辑器在本页打开，正在迁移到新窗口...
      已在新窗口打开策略编辑器。
      回测区间: 2023-09-01 ~ 2026-02-21, 本金: ￥200000
      在设定时间内未检测到「回测完成」或「回测失败」，先尝试停止回测再关闭。
      已取消回测并确认，关闭页面。

[4/4] 策略 24/66: 2025_origin_py/61BiLSTM for ETF
      策略编辑器在本页打开，正在迁移到新窗口...
      已在新窗口打开策略编辑器。
      回测区间: 2023-09-01 ~ 2026-02-21, 本金: ￥200000
      回测失败。

[4/4] 策略 25/66: 2025_origin_py/62基金溢价（模拟效果好！）
      策略编辑器在本页打开，正在迁移到新窗口...
      已在新窗口打开策略编辑器。
      回测区间: 2023-09-01 ~ 2026-02-21, 本金: ￥200000
      在设定时间内未检测到「回测完成」或「回测失败」，先尝试停止回测再关闭。
      已取消回测并确认，关闭页面。

[4/4] 策略 26/66: 2025_origin_py/63.5年12倍-小市值
      策略编辑器在本页打开，正在迁移到新窗口...
      已在新窗口打开策略编辑器。
      回测区间: 2023-09-01 ~ 2026-02-21, 本金: ￥200000
      在设定时间内未检测到「回测完成」或「回测失败」，先尝试停止回测再关闭。
      已取消回测并确认，关闭页面。

[4/4] 策略 27/66: 2025_origin_py/64大小外择时小市值3.0
      策略编辑器在本页打开，正在迁移到新窗口...
      已在新窗口打开策略编辑器。
      回测区间: 2023-09-01 ~ 2026-02-21, 本金: ￥200000
      回测完成，耗时: 00分42秒
      已追加到: /Users/liuwenlin/Documents/Self/quant/joinquant_backtest_results_2023-09-01_2026-02-21.csv

[4/4] 策略 28/66: 2025_origin_py/65搭建量化交易模型从零开始——择时，选股，仓位管理和因子分析
      策略编辑器在本页打开，正在迁移到新窗口...
      已在新窗口打开策略编辑器。
      回测区间: 2023-09-01 ~ 2026-02-21, 本金: ￥200000
      在设定时间内未检测到「回测完成」或「回测失败」，先尝试停止回测再关闭。
      已取消回测并确认，关闭页面。

[4/4] 策略 29/66: 2025_origin_py/66手把手教你构建ETF策略候选池
      策略编辑器在本页打开，正在迁移到新窗口...
      已在新窗口打开策略编辑器。
      回测区间: 2023-09-01 ~ 2026-02-21, 本金: ￥200000
      回测完成，耗时: (未解析)
      已追加到: /Users/liuwenlin/Documents/Self/quant/joinquant_backtest_results_2023-09-01_2026-02-21.csv

[4/4] 策略 30/66: 2025_origin_py/67大市值价投高股息爱国者策略（爱我中华）
      策略编辑器在本页打开，正在迁移到新窗口...
      已在新窗口打开策略编辑器。
      回测区间: 2023-09-01 ~ 2026-02-21, 本金: ￥200000
      回测完成，耗时: (未解析)
      已追加到: /Users/liuwenlin/Documents/Self/quant/joinquant_backtest_results_2023-09-01_2026-02-21.csv

[4/4] 策略 31/66: 2025_origin_py/68wywy1995 首板低开策略代码优化，提快速度
      策略编辑器在本页打开，正在迁移到新窗口...
      已在新窗口打开策略编辑器。
      回测区间: 2023-09-01 ~ 2026-02-21, 本金: ￥200000
      在设定时间内未检测到「回测完成」或「回测失败」，先尝试停止回测再关闭。
      已取消回测并确认，关闭页面。

[4/4] 策略 32/66: 2025_origin_py/69“稳定摸狗策略”学习笔记
      策略编辑器在本页打开，正在迁移到新窗口...
      已在新窗口打开策略编辑器。
      回测区间: 2023-09-01 ~ 2026-02-21, 本金: ￥200000
      回测完成，耗时: 00分15秒
      已追加到: /Users/liuwenlin/Documents/Self/quant/joinquant_backtest_results_2023-09-01_2026-02-21.csv

[4/4] 策略 33/66: 2025_origin_py/6国九小市值策略【年化100.5】
      策略编辑器在本页打开，正在迁移到新窗口...
      已在新窗口打开策略编辑器。
      回测区间: 2023-09-01 ~ 2026-02-21, 本金: ￥200000
      回测完成，耗时: 03分01秒
      已追加到: /Users/liuwenlin/Documents/Self/quant/joinquant_backtest_results_2023-09-01_2026-02-21.csv

[4/4] 策略 34/66: 2025_origin_py/70动态保形回归小市值策略改进
      策略编辑器在本页打开，正在迁移到新窗口...
      已在新窗口打开策略编辑器。
      回测区间: 2023-09-01 ~ 2026-02-21, 本金: ￥200000
      在设定时间内未检测到「回测完成」或「回测失败」，先尝试停止回测再关闭。
      已取消回测并确认，关闭页面。

[4/4] 策略 35/66: 2025_origin_py/71（乱改一版）股票加“钱粮”ETF组合
      策略编辑器在本页打开，正在迁移到新窗口...
      已在新窗口打开策略编辑器。
      回测区间: 2023-09-01 ~ 2026-02-21, 本金: ￥200000
      在设定时间内未检测到「回测完成」或「回测失败」，先尝试停止回测再关闭。
      已取消回测并确认，关闭页面。

[4/4] 策略 36/66: 2025_origin_py/72量化进阶学习笔记——打板策略
      策略编辑器在本页打开，正在迁移到新窗口...
      已在新窗口打开策略编辑器。
      回测区间: 2023-09-01 ~ 2026-02-21, 本金: ￥200000
      在设定时间内未检测到「回测完成」或「回测失败」，先尝试停止回测再关闭。
      已取消回测并确认，关闭页面。

[4/4] 策略 37/66: 2025_origin_py/73微盘400每日再平衡
      策略编辑器在本页打开，正在迁移到新窗口...
      已在新窗口打开策略编辑器。
      回测区间: 2023-09-01 ~ 2026-02-21, 本金: ￥200000
      在设定时间内未检测到「回测完成」或「回测失败」，先尝试停止回测再关闭。
      已取消回测并确认，关闭页面。

[4/4] 策略 38/66: 2025_origin_py/74趋势筛选后相关性最小etf轮动
      策略编辑器在本页打开，正在迁移到新窗口...
      已在新窗口打开策略编辑器。
      回测区间: 2023-09-01 ~ 2026-02-21, 本金: ￥200000
      在设定时间内未检测到「回测完成」或「回测失败」，先尝试停止回测再关闭。
      已取消回测并确认，关闭页面。

[4/4] 策略 39/66: 2025_origin_py/75大市值价值投资优化一波
      策略编辑器在本页打开，正在迁移到新窗口...
      已在新窗口打开策略编辑器。
      回测区间: 2023-09-01 ~ 2026-02-21, 本金: ￥200000
      回测完成，耗时: 00分24秒
      已追加到: /Users/liuwenlin/Documents/Self/quant/joinquant_backtest_results_2023-09-01_2026-02-21.csv

[4/4] 策略 40/66: 2025_origin_py/76小市值止损策略【年化104.11】
      策略编辑器在本页打开，正在迁移到新窗口...
      已在新窗口打开策略编辑器。
      回测区间: 2023-09-01 ~ 2026-02-21, 本金: ￥200000
      回测完成，耗时: 03分20秒
      已追加到: /Users/liuwenlin/Documents/Self/quant/joinquant_backtest_results_2023-09-01_2026-02-21.csv

[4/4] 策略 41/66: 2025_origin_py/77研报三因子II-新规高分红小市值-年化60回撤19
      策略编辑器在本页打开，正在迁移到新窗口...
      已在新窗口打开策略编辑器。
      回测区间: 2023-09-01 ~ 2026-02-21, 本金: ￥200000
      回测完成，耗时: (未解析)
      已追加到: /Users/liuwenlin/Documents/Self/quant/joinquant_backtest_results_2023-09-01_2026-02-21.csv

[4/4] 策略 42/66: 2025_origin_py/78首板低开策略-终极版 最大回撤15%，年化50%
      策略编辑器在本页打开，正在迁移到新窗口...
      已在新窗口打开策略编辑器。
      回测区间: 2023-09-01 ~ 2026-02-21, 本金: ￥200000
      在设定时间内未检测到「回测完成」或「回测失败」，先尝试停止回测再关闭。
      已取消回测并确认，关闭页面。

[4/4] 策略 43/66: 2025_origin_py/79国九条-新的红利因子，修正「审计意见」函数
      策略编辑器在本页打开，正在迁移到新窗口...
      已在新窗口打开策略编辑器。
      回测区间: 2023-09-01 ~ 2026-02-21, 本金: ￥200000
      回测完成，耗时: 03分08秒
      已追加到: /Users/liuwenlin/Documents/Self/quant/joinquant_backtest_results_2023-09-01_2026-02-21.csv

[4/4] 策略 44/66: 2025_origin_py/7追首板涨停 过去两年年化304%
      策略编辑器在本页打开，正在迁移到新窗口...
      已在新窗口打开策略编辑器。
      回测区间: 2023-09-01 ~ 2026-02-21, 本金: ￥200000
      在设定时间内未检测到「回测完成」或「回测失败」，先尝试停止回测再关闭。
      已取消回测并确认，关闭页面。

[4/4] 策略 45/66: 2025_origin_py/80基本面01加RSI择时
      策略编辑器在本页打开，正在迁移到新窗口...
      已在新窗口打开策略编辑器。
      回测区间: 2023-09-01 ~ 2026-02-21, 本金: ￥200000
      回测完成，耗时: (未解析)
      已追加到: /Users/liuwenlin/Documents/Self/quant/joinquant_backtest_results_2023-09-01_2026-02-21.csv

[4/4] 策略 46/66: 2025_origin_py/81搞市场最靓的仔！指数ETF动量轮动策略-2
      策略编辑器在本页打开，正在迁移到新窗口...
      已在新窗口打开策略编辑器。
      回测区间: 2023-09-01 ~ 2026-02-21, 本金: ￥200000
      回测完成，耗时: 00分25秒
      已追加到: /Users/liuwenlin/Documents/Self/quant/joinquant_backtest_results_2023-09-01_2026-02-21.csv

[4/4] 策略 47/66: 2025_origin_py/82回报社区——基于Gyro老师策略的思考
      策略编辑器在本页打开，正在迁移到新窗口...
      已在新窗口打开策略编辑器。
      回测区间: 2023-09-01 ~ 2026-02-21, 本金: ￥200000
      在设定时间内未检测到「回测完成」或「回测失败」，先尝试停止回测再关闭。
      已取消回测并确认，关闭页面。

[4/4] 策略 48/66: 2025_origin_py/83大小外择时小市值
      策略编辑器在本页打开，正在迁移到新窗口...
      已在新窗口打开策略编辑器。
      回测区间: 2023-09-01 ~ 2026-02-21, 本金: ￥200000
      回测完成，耗时: (未解析)
      已追加到: /Users/liuwenlin/Documents/Self/quant/joinquant_backtest_results_2023-09-01_2026-02-21.csv

[4/4] 策略 49/66: 2025_origin_py/84正黄旗大妈选股改进-加入涨停卖出后的买入，提高资金利用率
      策略编辑器在本页打开，正在迁移到新窗口...
      已在新窗口打开策略编辑器。
      回测区间: 2023-09-01 ~ 2026-02-21, 本金: ￥200000
      回测完成，耗时: 02分39秒
      已追加到: /Users/liuwenlin/Documents/Self/quant/joinquant_backtest_results_2023-09-01_2026-02-21.csv

[4/4] 策略 50/66: 2025_origin_py/85稳健型ETF策略
      策略编辑器在本页打开，正在迁移到新窗口...
      已在新窗口打开策略编辑器。
      回测区间: 2023-09-01 ~ 2026-02-21, 本金: ￥200000
      在设定时间内未检测到「回测完成」或「回测失败」，先尝试停止回测再关闭。
      未找到取消按钮，直接关闭页面。

[4/4] 策略 51/66: 2025_origin_py/86手把手教你构建ETF策略候选池优化版
      策略编辑器在本页打开，正在迁移到新窗口...
      已在新窗口打开策略编辑器。
      回测区间: 2023-09-01 ~ 2026-02-21, 本金: ￥200000
      在设定时间内未检测到「回测完成」或「回测失败」，先尝试停止回测再关闭。
      未找到取消按钮，直接关闭页面。

[4/4] 策略 52/66: 2025_origin_py/87山寨红利
      策略编辑器在本页打开，正在迁移到新窗口...
      已在新窗口打开策略编辑器。
      回测区间: 2023-09-01 ~ 2026-02-21, 本金: ￥200000
      在设定时间内未检测到「回测完成」或「回测失败」，先尝试停止回测再关闭。
      未找到取消按钮，直接关闭页面。

[4/4] 策略 53/66: 2025_origin_py/88WY大神的“龙头打板”策略小改
      策略编辑器在本页打开，正在迁移到新窗口...
      已在新窗口打开策略编辑器。
      回测区间: 2023-09-01 ~ 2026-02-21, 本金: ￥200000
      在设定时间内未检测到「回测完成」或「回测失败」，先尝试停止回测再关闭。
      未找到取消按钮，直接关闭页面。

[4/4] 策略 54/66: 2025_origin_py/89基于Gyro.大神的小市值策略的因子匹配研究
      策略编辑器在本页打开，正在迁移到新窗口...
      已在新窗口打开策略编辑器。
      回测区间: 2023-09-01 ~ 2026-02-21, 本金: ￥200000
      在设定时间内未检测到「回测完成」或「回测失败」，先尝试停止回测再关闭。
      未找到取消按钮，直接关闭页面。

[4/4] 策略 55/66: 2025_origin_py/8国九条后中小板微盘小改，年化135.40
      策略编辑器在本页打开，正在迁移到新窗口...
      已在新窗口打开策略编辑器。
      回测区间: 2023-09-01 ~ 2026-02-21, 本金: ￥200000
      在设定时间内未检测到「回测完成」或「回测失败」，先尝试停止回测再关闭。
      未找到取消按钮，直接关闭页面。

[4/4] 策略 56/66: 2025_origin_py/90固收+
      策略编辑器在本页打开，正在迁移到新窗口...
      已在新窗口打开策略编辑器。
      回测区间: 2023-09-01 ~ 2026-02-21, 本金: ￥200000
      在设定时间内未检测到「回测完成」或「回测失败」，先尝试停止回测再关闭。
      未找到取消按钮，直接关闭页面。

[4/4] 策略 57/66: 2025_origin_py/91ETF-T0动量策略，年化 18%，回撤3.31%
      策略编辑器在本页打开，正在迁移到新窗口...
      已在新窗口打开策略编辑器。
      回测区间: 2023-09-01 ~ 2026-02-21, 本金: ￥200000
      在设定时间内未检测到「回测完成」或「回测失败」，先尝试停止回测再关闭。
      未找到取消按钮，直接关闭页面。

[4/4] 策略 58/66: 2025_origin_py/92行业宽度轮动研究
      策略编辑器在本页打开，正在迁移到新窗口...
      已在新窗口打开策略编辑器。
      回测区间: 2023-09-01 ~ 2026-02-21, 本金: ￥200000
      在设定时间内未检测到「回测完成」或「回测失败」，先尝试停止回测再关闭。
      未找到取消按钮，直接关闭页面。

[4/4] 策略 59/66: 2025_origin_py/93.234板介入-2023年14倍-无未来
      策略编辑器在本页打开，正在迁移到新窗口...
      已在新窗口打开策略编辑器。
      回测区间: 2023-09-01 ~ 2026-02-21, 本金: ￥200000
      在设定时间内未检测到「回测完成」或「回测失败」，先尝试停止回测再关闭。
      未找到取消按钮，直接关闭页面。

[4/4] 策略 60/66: 2025_origin_py/94别人“拿的住”的股票最赚钱
      策略编辑器在本页打开，正在迁移到新窗口...
      已在新窗口打开策略编辑器。
      回测区间: 2023-09-01 ~ 2026-02-21, 本金: ￥200000
      在设定时间内未检测到「回测完成」或「回测失败」，先尝试停止回测再关闭。
      未找到取消按钮，直接关闭页面。

[4/4] 策略 61/66: 2025_origin_py/95学习贴《一个完整的-深度学习-神经网络pipeline》
      策略编辑器在本页打开，正在迁移到新窗口...
      已在新窗口打开策略编辑器。
      回测区间: 2023-09-01 ~ 2026-02-21, 本金: ￥200000
      在设定时间内未检测到「回测完成」或「回测失败」，先尝试停止回测再关闭。
      未找到取消按钮，直接关闭页面。

[4/4] 策略 62/66: 2025_origin_py/96首版+2版龙虎榜挖掘V2.0，年化1400
      策略编辑器在本页打开，正在迁移到新窗口...
      已在新窗口打开策略编辑器。
      回测区间: 2023-09-01 ~ 2026-02-21, 本金: ￥200000
      在设定时间内未检测到「回测完成」或「回测失败」，先尝试停止回测再关闭。
      未找到取消按钮，直接关闭页面。

[4/4] 策略 63/66: 2025_origin_py/97趋势筛选后相关性最小etf轮动-加速10倍版
      策略编辑器在本页打开，正在迁移到新窗口...
      已在新窗口打开策略编辑器。
      回测区间: 2023-09-01 ~ 2026-02-21, 本金: ￥200000
      在设定时间内未检测到「回测完成」或「回测失败」，先尝试停止回测再关闭。
      未找到取消按钮，直接关闭页面。

[4/4] 策略 64/66: 2025_origin_py/98热点行业和热点概念-成分股-及龙一龙二龙三
      策略编辑器在本页打开，正在迁移到新窗口...
      已在新窗口打开策略编辑器。
      回测区间: 2023-09-01 ~ 2026-02-21, 本金: ￥200000
      在设定时间内未检测到「回测完成」或「回测失败」，先尝试停止回测再关闭。
      未找到取消按钮，直接关闭页面。

[4/4] 策略 65/66: 2025_origin_py/99韶华研究之二十，竞价异动
      策略编辑器在本页打开，正在迁移到新窗口...
      已在新窗口打开策略编辑器。
      回测区间: 2023-09-01 ~ 2026-02-21, 本金: ￥200000
      在设定时间内未检测到「回测完成」或「回测失败」，先尝试停止回测再关闭。
      未找到取消按钮，直接关闭页面。

[4/4] 策略 66/66: 2025_origin_py/9干积分-量化策略简易框架
      策略编辑器在本页打开，正在迁移到新窗口...
      已在新窗口打开策略编辑器。
      回测区间: 2023-09-01 ~ 2026-02-21, 本金: ￥200000
      在设定时间内未检测到「回测完成」或「回测失败」，先尝试停止回测再关闭。
      未找到取消按钮，直接关闭页面。

全部策略回测结束。
回测参数：2023-09-01 ~ 2026-02-21，本金 ￥200000
浏览器已关闭。
