已设定最大运行时长: 21600 秒 (6 小时 0 分钟)，超时将强制退出。
本轮回测结果表: 2024_2_origin_2023-09-01_2026-02-21.csv
已从 2024_2_origin_2023-09-01_2026-02-21.csv 加载 70 条成功记录，用于去重。
已从 2024_2_origin_skipped_2023-09-01_2026-02-21.csv 加载 28 条未入表记录（已取消/失败/超时/异常），用于去重。
已跳过 98 个在相同参数下已跑过或已记录为未入表的策略。
[1/4] 启动浏览器并打开聚宽页面...
[2/4] 未登录，执行密码登录...
      登录成功。
[3/4] 进入策略列表并进入「2024_2_origin」文件夹...
      策略列表 URL 已记录，将依次在独立新窗口中回测 2 个策略。

[4/4] 策略 1/2: 2024_2_origin_py/98.【漂亮50】“漂亮50”策略复现以及股息率排序函数
      策略编辑器在本页打开，正在迁移到新窗口...
      已在新窗口打开策略编辑器。
      回测区间: 2023-09-01 ~ 2026-02-21, 本金: ￥200000
      已出现回测完成/失败/已取消之一，等待 10 秒后按最终状态判断…
      回测完成，耗时: 02分10秒
      已追加到: /Users/liuwenlin/Documents/Self/quant/2024_2_origin_2023-09-01_2026-02-21.csv

[4/4] 策略 2/2: 2024_2_origin_py/99.计算每日全A市场个股创新高比例(改)
      策略编辑器在本页打开，正在迁移到新窗口...
      已在新窗口打开策略编辑器。
      回测区间: 2023-09-01 ~ 2026-02-21, 本金: ￥200000
      已出现回测完成/失败/已取消之一，等待 10 秒后按最终状态判断…
      回测完成，耗时: 00分13秒
      已追加到: /Users/liuwenlin/Documents/Self/quant/2024_2_origin_2023-09-01_2026-02-21.csv

全部策略回测结束。
回测参数：2023-09-01 ~ 2026-02-21，本金 ￥200000
浏览器已关闭。
