本轮回测结果表: 2024_2_origin_2023-09-01_2026-02-21.csv
[1/4] 启动浏览器并打开聚宽页面...
[2/4] 未登录，执行密码登录...
      登录成功。
[3/4] 进入策略列表并进入「2024_2_origin」文件夹...
      策略列表 URL 已记录，将依次在独立新窗口中回测 101 个策略。

[4/4] 策略 1/101: 2024_2_origin_py/1.一颗耀眼的星—【回顾2】小市值成长股策略更新—改
      策略编辑器在本页打开，正在迁移到新窗口...
      已在新窗口打开策略编辑器。
      回测区间: 2023-09-01 ~ 2026-02-21, 本金: ￥200000
      已出现回测完成/失败/已取消之一，等待 10 秒后按最终状态判断…
      回测完成，耗时: (未解析)
      已追加到: /Users/liuwenlin/Documents/Self/quant/2024_2_origin_2023-09-01_2026-02-21.csv

[4/4] 策略 2/101: 2024_2_origin_py/10.龙头首阴战法改版二
      策略编辑器在本页打开，正在迁移到新窗口...
      已在新窗口打开策略编辑器。
      回测区间: 2023-09-01 ~ 2026-02-21, 本金: ￥200000
      已出现回测完成/失败/已取消之一，等待 10 秒后按最终状态判断…
      回测已取消，耗时: 02分49秒，不追加到结果表。

[4/4] 策略 3/101: 2024_2_origin_py/100.【复现】金股组合增强—分析师推荐概率
      策略编辑器在本页打开，正在迁移到新窗口...
      已在新窗口打开策略编辑器。
      回测区间: 2023-09-01 ~ 2026-02-21, 本金: ￥200000
      已出现回测完成/失败/已取消之一，等待 10 秒后按最终状态判断…
      回测失败。
        交易详情

[4/4] 策略 4/101: 2024_2_origin_py/11.缠论交易策略
      策略编辑器在本页打开，正在迁移到新窗口...
      已在新窗口打开策略编辑器。
      回测区间: 2023-09-01 ~ 2026-02-21, 本金: ￥200000
      已出现回测完成/失败/已取消之一，等待 10 秒后按最终状态判断…
      回测完成，耗时: 00分11秒
      已追加到: /Users/liuwenlin/Documents/Self/quant/2024_2_origin_2023-09-01_2026-02-21.csv

[4/4] 策略 5/101: 2024_2_origin_py/12.全市场选股？7年5倍不择时，回撤30%左右
      策略编辑器在本页打开，正在迁移到新窗口...
      已在新窗口打开策略编辑器。
      回测区间: 2023-09-01 ~ 2026-02-21, 本金: ￥200000
      已出现回测完成/失败/已取消之一，等待 10 秒后按最终状态判断…
      回测完成，耗时: 00分49秒
      已追加到: /Users/liuwenlin/Documents/Self/quant/2024_2_origin_2023-09-01_2026-02-21.csv

[4/4] 策略 6/101: 2024_2_origin_py/13.【涨停研究三】连板股票收益统计与回测
      策略编辑器在本页打开，正在迁移到新窗口...
      已在新窗口打开策略编辑器。
      回测区间: 2023-09-01 ~ 2026-02-21, 本金: ￥200000
      已出现回测完成/失败/已取消之一，等待 10 秒后按最终状态判断…
      回测完成，耗时: 00分11秒
      已追加到: /Users/liuwenlin/Documents/Self/quant/2024_2_origin_2023-09-01_2026-02-21.csv

[4/4] 策略 7/101: 2024_2_origin_py/14.为实盘做的更新：分钟级别和盘中止损
      策略编辑器在本页打开，正在迁移到新窗口...
      已在新窗口打开策略编辑器。
      回测区间: 2023-09-01 ~ 2026-02-21, 本金: ￥200000
      已出现回测完成/失败/已取消之一，等待 10 秒后按最终状态判断…
      回测完成，耗时: 07分46秒
      已追加到: /Users/liuwenlin/Documents/Self/quant/2024_2_origin_2023-09-01_2026-02-21.csv

[4/4] 策略 8/101: 2024_2_origin_py/15.高股息低杠杆小市值轮动策略
      策略编辑器在本页打开，正在迁移到新窗口...
      已在新窗口打开策略编辑器。
      回测区间: 2023-09-01 ~ 2026-02-21, 本金: ￥200000
      已出现回测完成/失败/已取消之一，等待 10 秒后按最终状态判断…
      回测完成，耗时: 02分33秒
      已追加到: /Users/liuwenlin/Documents/Self/quant/2024_2_origin_2023-09-01_2026-02-21.csv

[4/4] 策略 9/101: 2024_2_origin_py/16.ETF轮动策略升级-多类别-低回撤
      策略编辑器在本页打开，正在迁移到新窗口...
      已在新窗口打开策略编辑器。
      回测区间: 2023-09-01 ~ 2026-02-21, 本金: ￥200000
      已出现回测完成/失败/已取消之一，等待 10 秒后按最终状态判断…
      回测失败。
        交易详情

[4/4] 策略 10/101: 2024_2_origin_py/17.科技与狠活
      策略编辑器在本页打开，正在迁移到新窗口...
      已在新窗口打开策略编辑器。
      回测区间: 2023-09-01 ~ 2026-02-21, 本金: ￥200000
      已出现回测完成/失败/已取消之一，等待 10 秒后按最终状态判断…
      回测完成，耗时: 01分57秒
      已追加到: /Users/liuwenlin/Documents/Self/quant/2024_2_origin_2023-09-01_2026-02-21.csv

[4/4] 策略 11/101: 2024_2_origin_py/18.动量ETF轮动-RSRS择时-卡尔曼滤波
      策略编辑器在本页打开，正在迁移到新窗口...
      已在新窗口打开策略编辑器。
      回测区间: 2023-09-01 ~ 2026-02-21, 本金: ￥200000
      已出现回测完成/失败/已取消之一，等待 10 秒后按最终状态判断…
      回测完成，耗时: (未解析)
      已追加到: /Users/liuwenlin/Documents/Self/quant/2024_2_origin_2023-09-01_2026-02-21.csv

[4/4] 策略 12/101: 2024_2_origin_py/19.【复现】高频价量相关性，意想不到的选股因子
      策略编辑器在本页打开，正在迁移到新窗口...
      已在新窗口打开策略编辑器。
      回测区间: 2023-09-01 ~ 2026-02-21, 本金: ￥200000
      已出现回测完成/失败/已取消之一，等待 10 秒后按最终状态判断…
      回测失败。
        交易详情

[4/4] 策略 13/101: 2024_2_origin_py/2.ETF动量轮动RSRS择时-魔改3小优化
      策略编辑器在本页打开，正在迁移到新窗口...
      已在新窗口打开策略编辑器。
      回测区间: 2023-09-01 ~ 2026-02-21, 本金: ￥200000
      已出现回测完成/失败/已取消之一，等待 10 秒后按最终状态判断…
      回测完成，耗时: 00分22秒
      已追加到: /Users/liuwenlin/Documents/Self/quant/2024_2_origin_2023-09-01_2026-02-21.csv

[4/4] 策略 14/101: 2024_2_origin_py/20.【复现】因子择时？？？
      策略编辑器在本页打开，正在迁移到新窗口...
      已在新窗口打开策略编辑器。
      回测区间: 2023-09-01 ~ 2026-02-21, 本金: ￥200000
      已出现回测完成/失败/已取消之一，等待 10 秒后按最终状态判断…
      回测失败。
        交易详情

[4/4] 策略 15/101: 2024_2_origin_py/21.行业ETF轮动+择时，15年至今年化收益35%，回撤16%
      策略编辑器在本页打开，正在迁移到新窗口...
      已在新窗口打开策略编辑器。
      回测区间: 2023-09-01 ~ 2026-02-21, 本金: ￥200000
      已出现回测完成/失败/已取消之一，等待 10 秒后按最终状态判断…
      回测完成，耗时: 01分05秒
      已追加到: /Users/liuwenlin/Documents/Self/quant/2024_2_origin_2023-09-01_2026-02-21.csv

[4/4] 策略 16/101: 2024_2_origin_py/22.菜场大妈选股法
      策略编辑器在本页打开，正在迁移到新窗口...
      已在新窗口打开策略编辑器。
      回测区间: 2023-09-01 ~ 2026-02-21, 本金: ￥200000
      已出现回测完成/失败/已取消之一，等待 10 秒后按最终状态判断…
      回测完成，耗时: 01分38秒
      已追加到: /Users/liuwenlin/Documents/Self/quant/2024_2_origin_2023-09-01_2026-02-21.csv

[4/4] 策略 17/101: 2024_2_origin_py/23.低价小盘简单有效
      策略编辑器在本页打开，正在迁移到新窗口...
      已在新窗口打开策略编辑器。
      回测区间: 2023-09-01 ~ 2026-02-21, 本金: ￥200000
      已出现回测完成/失败/已取消之一，等待 10 秒后按最终状态判断…
      回测完成，耗时: 02分26秒
      已追加到: /Users/liuwenlin/Documents/Self/quant/2024_2_origin_2023-09-01_2026-02-21.csv

[4/4] 策略 18/101: 2024_2_origin_py/24.宽基ETF动量轮动钝化RSRS择时-回撤小
      策略编辑器在本页打开，正在迁移到新窗口...
      已在新窗口打开策略编辑器。
      回测区间: 2023-09-01 ~ 2026-02-21, 本金: ￥200000
      已出现回测完成/失败/已取消之一，等待 10 秒后按最终状态判断…
      回测完成，耗时: 08分19秒
      已追加到: /Users/liuwenlin/Documents/Self/quant/2024_2_origin_2023-09-01_2026-02-21.csv

[4/4] 策略 19/101: 2024_2_origin_py/25.年初至今4倍，极致的Day Trading，56.8%胜率
      策略编辑器在本页打开，正在迁移到新窗口...
      已在新窗口打开策略编辑器。
      回测区间: 2023-09-01 ~ 2026-02-21, 本金: ￥200000
      已出现回测完成/失败/已取消之一，等待 10 秒后按最终状态判断…
      回测失败。
        交易详情

[4/4] 策略 20/101: 2024_2_origin_py/26.近几年一直有效的股票BOLL择时策略
      策略编辑器在本页打开，正在迁移到新窗口...
      已在新窗口打开策略编辑器。
      回测区间: 2023-09-01 ~ 2026-02-21, 本金: ￥200000
      已出现回测完成/失败/已取消之一，等待 10 秒后按最终状态判断…
      回测完成，耗时: 01分41秒
      已追加到: /Users/liuwenlin/Documents/Self/quant/2024_2_origin_2023-09-01_2026-02-21.csv

[4/4] 策略 21/101: 2024_2_origin_py/27.中证500指增+CTA，胜率52%盈亏比1.9。不输顶尖私募
      策略编辑器在本页打开，正在迁移到新窗口...
      已在新窗口打开策略编辑器。
      回测区间: 2023-09-01 ~ 2026-02-21, 本金: ￥200000
      已出现回测完成/失败/已取消之一，等待 10 秒后按最终状态判断…
      回测完成，耗时: (未解析)
      已追加到: /Users/liuwenlin/Documents/Self/quant/2024_2_origin_2023-09-01_2026-02-21.csv

[4/4] 策略 22/101: 2024_2_origin_py/28.【回顾2】小市值成长股策略更新FROEC-PB-CAP-HL
      策略编辑器在本页打开，正在迁移到新窗口...
      已在新窗口打开策略编辑器。
      回测区间: 2023-09-01 ~ 2026-02-21, 本金: ￥200000
      已出现回测完成/失败/已取消之一，等待 10 秒后按最终状态判断…
      回测完成，耗时: 04分31秒
      已追加到: /Users/liuwenlin/Documents/Self/quant/2024_2_origin_2023-09-01_2026-02-21.csv

[4/4] 策略 23/101: 2024_2_origin_py/28.【回顾2】小市值成长股策略更新SG-MS-PEG-HL
      策略编辑器在本页打开，正在迁移到新窗口...
      已在新窗口打开策略编辑器。
      回测区间: 2023-09-01 ~ 2026-02-21, 本金: ￥200000
      已出现回测完成/失败/已取消之一，等待 10 秒后按最终状态判断…
      回测完成，耗时: 02分12秒
      已追加到: /Users/liuwenlin/Documents/Self/quant/2024_2_origin_2023-09-01_2026-02-21.csv

[4/4] 策略 24/101: 2024_2_origin_py/29.【策略.行业轮动】趋势-拥挤-景气度模型看行业轮动
      策略编辑器在本页打开，正在迁移到新窗口...
      已在新窗口打开策略编辑器。
      回测区间: 2023-09-01 ~ 2026-02-21, 本金: ￥200000
      已出现回测完成/失败/已取消之一，等待 10 秒后按最终状态判断…
      回测失败。
        交易详情

[4/4] 策略 25/101: 2024_2_origin_py/3.截止到21年12月依然有效的小市值适配因子
      策略编辑器在本页打开，正在迁移到新窗口...
      已在新窗口打开策略编辑器。
      回测区间: 2023-09-01 ~ 2026-02-21, 本金: ￥200000
      已出现回测完成/失败/已取消之一，等待 10 秒后按最终状态判断…
      回测完成，耗时: 02分36秒
      已追加到: /Users/liuwenlin/Documents/Self/quant/2024_2_origin_2023-09-01_2026-02-21.csv

[4/4] 策略 26/101: 2024_2_origin_py/30.【超跌反弹v1.0】3年2.3倍的超跌反弹小牛股
      策略编辑器在本页打开，正在迁移到新窗口...
      已在新窗口打开策略编辑器。
      回测区间: 2023-09-01 ~ 2026-02-21, 本金: ￥200000
      已出现回测完成/失败/已取消之一，等待 10 秒后按最终状态判断…
      回测完成，耗时: 105分23秒
      已追加到: /Users/liuwenlin/Documents/Self/quant/2024_2_origin_2023-09-01_2026-02-21.csv

[4/4] 策略 27/101: 2024_2_origin_py/31.《趋势永存》持续16年跑赢大盘的真正靠谱策略
      策略编辑器在本页打开，正在迁移到新窗口...
      已在新窗口打开策略编辑器。
      回测区间: 2023-09-01 ~ 2026-02-21, 本金: ￥200000
      已出现回测完成/失败/已取消之一，等待 10 秒后按最终状态判断…
      回测完成，耗时: 03分24秒
      已追加到: /Users/liuwenlin/Documents/Self/quant/2024_2_origin_2023-09-01_2026-02-21.csv

[4/4] 策略 28/101: 2024_2_origin_py/32.追高概率涨停策略, 2022年化350%
      策略编辑器在本页打开，正在迁移到新窗口...
      已在新窗口打开策略编辑器。
      回测区间: 2023-09-01 ~ 2026-02-21, 本金: ￥200000
      已出现回测完成/失败/已取消之一，等待 10 秒后按最终状态判断…
      回测失败。
        交易详情

[4/4] 策略 29/101: 2024_2_origin_py/33.胜率88.9%之君正集团策略-大阳分歧反包
      策略编辑器在本页打开，正在迁移到新窗口...
      已在新窗口打开策略编辑器。
      回测区间: 2023-09-01 ~ 2026-02-21, 本金: ￥200000
      已出现回测完成/失败/已取消之一，等待 10 秒后按最终状态判断…
      回测完成，耗时: 108分41秒
      已追加到: /Users/liuwenlin/Documents/Self/quant/2024_2_origin_2023-09-01_2026-02-21.csv

[4/4] 策略 30/101: 2024_2_origin_py/34.【回撤二波2.0】透过一次过拟合的机器学习摸底策略的收益上限
      策略编辑器在本页打开，正在迁移到新窗口...
      已在新窗口打开策略编辑器。
      回测区间: 2023-09-01 ~ 2026-02-21, 本金: ￥200000
      已出现回测完成/失败/已取消之一，等待 10 秒后按最终状态判断…
      回测失败。
        交易详情

[4/4] 策略 31/101: 2024_2_origin_py/35.自适应量化终极算法2.0 （全新升级)
      策略编辑器在本页打开，正在迁移到新窗口...
      已在新窗口打开策略编辑器。
      回测区间: 2023-09-01 ~ 2026-02-21, 本金: ￥200000
      已出现回测完成/失败/已取消之一，等待 10 秒后按最终状态判断…
      回测完成，耗时: 381分03秒
      已追加到: /Users/liuwenlin/Documents/Self/quant/2024_2_origin_2023-09-01_2026-02-21.csv

[4/4] 策略 32/101: 2024_2_origin_py/36.致敬市场(6) ，指数期货贴水
      策略编辑器在本页打开，正在迁移到新窗口...
      已在新窗口打开策略编辑器。
      回测区间: 2023-09-01 ~ 2026-02-21, 本金: ￥200000
      已出现回测完成/失败/已取消之一，等待 10 秒后按最终状态判断…
      回测完成，耗时: 01分17秒
      已追加到: /Users/liuwenlin/Documents/Self/quant/2024_2_origin_2023-09-01_2026-02-21.csv

[4/4] 策略 33/101: 2024_2_origin_py/37.三阳三阴战法
      策略编辑器在本页打开，正在迁移到新窗口...
      已在新窗口打开策略编辑器。
      回测区间: 2023-09-01 ~ 2026-02-21, 本金: ￥200000
      已出现回测完成/失败/已取消之一，等待 10 秒后按最终状态判断…
      回测完成，耗时: 313分40秒
      已追加到: /Users/liuwenlin/Documents/Self/quant/2024_2_origin_2023-09-01_2026-02-21.csv

[4/4] 策略 34/101: 2024_2_origin_py/38.ETF动量轮动RSRS择时-魔改3-北向资金择时-再优化
      策略编辑器在本页打开，正在迁移到新窗口...
      已在新窗口打开策略编辑器。
      回测区间: 2023-09-01 ~ 2026-02-21, 本金: ￥200000
      已出现回测完成/失败/已取消之一，等待 10 秒后按最终状态判断…
      回测失败。
        交易详情

[4/4] 策略 35/101: 2024_2_origin_py/39.绩优小市值量化君也-模拟交易年化333.75%
      策略编辑器在本页打开，正在迁移到新窗口...
      已在新窗口打开策略编辑器。
      回测区间: 2023-09-01 ~ 2026-02-21, 本金: ￥200000
      已出现回测完成/失败/已取消之一，等待 10 秒后按最终状态判断…
      回测完成，耗时: 01分53秒
      已追加到: /Users/liuwenlin/Documents/Self/quant/2024_2_origin_2023-09-01_2026-02-21.csv

[4/4] 策略 36/101: 2024_2_origin_py/4.集合竞价摸奖策略1.0-致敬2022
      策略编辑器在本页打开，正在迁移到新窗口...
      已在新窗口打开策略编辑器。
      回测区间: 2023-09-01 ~ 2026-02-21, 本金: ￥200000
      已出现回测完成/失败/已取消之一，等待 10 秒后按最终状态判断…
      回测失败。
        交易详情

[4/4] 策略 37/101: 2024_2_origin_py/40.RSI学习贴
      策略编辑器在本页打开，正在迁移到新窗口...
      已在新窗口打开策略编辑器。
      回测区间: 2023-09-01 ~ 2026-02-21, 本金: ￥200000
      已出现回测完成/失败/已取消之一，等待 10 秒后按最终状态判断…
      回测完成，耗时: 00分58秒
      已追加到: /Users/liuwenlin/Documents/Self/quant/2024_2_origin_2023-09-01_2026-02-21.csv

[4/4] 策略 38/101: 2024_2_origin_py/41.手把手教你“机器学习-动态多因子选股”(附保姆级教程)
      策略编辑器在本页打开，正在迁移到新窗口...
      已在新窗口打开策略编辑器。
      回测区间: 2023-09-01 ~ 2026-02-21, 本金: ￥200000
      已出现回测完成/失败/已取消之一，等待 10 秒后按最终状态判断…
      回测完成，耗时: 04分24秒
      已追加到: /Users/liuwenlin/Documents/Self/quant/2024_2_origin_2023-09-01_2026-02-21.csv

[4/4] 策略 39/101: 2024_2_origin_py/42.实盘出现的问题和解决办法
      策略编辑器在本页打开，正在迁移到新窗口...
      已在新窗口打开策略编辑器。
      回测区间: 2023-09-01 ~ 2026-02-21, 本金: ￥200000
      已出现回测完成/失败/已取消之一，等待 10 秒后按最终状态判断…
      回测完成，耗时: 09分07秒
      已追加到: /Users/liuwenlin/Documents/Self/quant/2024_2_origin_2023-09-01_2026-02-21.csv

[4/4] 策略 40/101: 2024_2_origin_py/43.ETF动量因子评估
      策略编辑器在本页打开，正在迁移到新窗口...
      已在新窗口打开策略编辑器。
      回测区间: 2023-09-01 ~ 2026-02-21, 本金: ￥200000
      已出现回测完成/失败/已取消之一，等待 10 秒后按最终状态判断…
      回测失败。
        交易详情

[4/4] 策略 41/101: 2024_2_origin_py/44.！！！最易上手的网格策略v2.0，设置几个参数就可以直接使用
      策略编辑器在本页打开，正在迁移到新窗口...
      已在新窗口打开策略编辑器。
      回测区间: 2023-09-01 ~ 2026-02-21, 本金: ￥200000
      已出现回测完成/失败/已取消之一，等待 10 秒后按最终状态判断…
      回测完成，耗时: 00分12秒
      已追加到: /Users/liuwenlin/Documents/Self/quant/2024_2_origin_2023-09-01_2026-02-21.csv

[4/4] 策略 42/101: 2024_2_origin_py/45.真真正正的诚意之作-2021超十倍
      策略编辑器在本页打开，正在迁移到新窗口...
      已在新窗口打开策略编辑器。
      回测区间: 2023-09-01 ~ 2026-02-21, 本金: ￥200000
      已出现回测完成/失败/已取消之一，等待 10 秒后按最终状态判断…
      回测已取消，耗时: 08分26秒，不追加到结果表。

[4/4] 策略 43/101: 2024_2_origin_py/46.韶华研究之十二--还算可以的竞价研究
