本轮回测结果表: 2025_origin_2023-09-01_2026-02-21.csv
已从 2025_origin_2023-09-01_2026-02-21.csv 加载 76 条已跑记录，用于去重。
已跳过 74 个在相同参数下已跑过的策略。
[1/4] 启动浏览器并打开聚宽页面...
[2/4] 未登录，执行密码登录...
      登录成功。
[3/4] 进入策略列表并进入「2025_origin」文件夹...
      策略列表 URL 已记录，将依次在独立新窗口中回测 23 个策略。

[4/4] 策略 1/23: 2025_origin_py/55怎么让龟速变奔跑？以“首版突破一进二”为例
      策略编辑器在本页打开，正在迁移到新窗口...
      已在新窗口打开策略编辑器。
      回测区间: 2023-09-01 ~ 2026-02-21, 本金: ￥200000
      已出现回测完成/失败/已取消之一，等待 10 秒后按最终状态判断…
      回测已取消，耗时: 05分31秒，不追加到结果表。

[4/4] 策略 2/23: 2025_origin_py/61BiLSTM for ETF
      策略编辑器在本页打开，正在迁移到新窗口...
      已在新窗口打开策略编辑器。
      回测区间: 2023-09-01 ~ 2026-02-21, 本金: ￥200000
      已出现回测完成/失败/已取消之一，等待 10 秒后按最终状态判断…
      回测失败。
        交易详情

[4/4] 策略 3/23: 2025_origin_py/73微盘400每日再平衡
      策略编辑器在本页打开，正在迁移到新窗口...
      已在新窗口打开策略编辑器。
      回测区间: 2023-09-01 ~ 2026-02-21, 本金: ￥200000
      已出现回测完成/失败/已取消之一，等待 10 秒后按最终状态判断…
      回测完成，耗时: 07分51秒
      已追加到: /Users/liuwenlin/Documents/Self/quant/2025_origin_2023-09-01_2026-02-21.csv

[4/4] 策略 4/23: 2025_origin_py/78首板低开策略-终极版 最大回撤15%，年化50%
      策略编辑器在本页打开，正在迁移到新窗口...
      已在新窗口打开策略编辑器。
      回测区间: 2023-09-01 ~ 2026-02-21, 本金: ￥200000
      已出现回测完成/失败/已取消之一，等待 10 秒后按最终状态判断…
      回测完成，耗时: 21分58秒
      已追加到: /Users/liuwenlin/Documents/Self/quant/2025_origin_2023-09-01_2026-02-21.csv

[4/4] 策略 5/23: 2025_origin_py/7追首板涨停 过去两年年化304%
      策略编辑器在本页打开，正在迁移到新窗口...
      已在新窗口打开策略编辑器。
      回测区间: 2023-09-01 ~ 2026-02-21, 本金: ￥200000
      已出现回测完成/失败/已取消之一，等待 10 秒后按最终状态判断…
      回测完成，耗时: 06分19秒
      已追加到: /Users/liuwenlin/Documents/Self/quant/2025_origin_2023-09-01_2026-02-21.csv

[4/4] 策略 6/23: 2025_origin_py/82回报社区——基于Gyro老师策略的思考
      策略编辑器在本页打开，正在迁移到新窗口...
      已在新窗口打开策略编辑器。
      回测区间: 2023-09-01 ~ 2026-02-21, 本金: ￥200000
      已出现回测完成/失败/已取消之一，等待 10 秒后按最终状态判断…
      回测完成，耗时: 05分54秒
      已追加到: /Users/liuwenlin/Documents/Self/quant/2025_origin_2023-09-01_2026-02-21.csv

[4/4] 策略 7/23: 2025_origin_py/85稳健型ETF策略
      策略编辑器在本页打开，正在迁移到新窗口...
      已在新窗口打开策略编辑器。
      回测区间: 2023-09-01 ~ 2026-02-21, 本金: ￥200000
      已出现回测完成/失败/已取消之一，等待 10 秒后按最终状态判断…
      回测完成，耗时: (未解析)
      已追加到: /Users/liuwenlin/Documents/Self/quant/2025_origin_2023-09-01_2026-02-21.csv

[4/4] 策略 8/23: 2025_origin_py/86手把手教你构建ETF策略候选池优化版
      策略编辑器在本页打开，正在迁移到新窗口...
      已在新窗口打开策略编辑器。
      回测区间: 2023-09-01 ~ 2026-02-21, 本金: ￥200000
      已出现回测完成/失败/已取消之一，等待 10 秒后按最终状态判断…
      回测完成，耗时: 00分15秒
      已追加到: /Users/liuwenlin/Documents/Self/quant/2025_origin_2023-09-01_2026-02-21.csv

[4/4] 策略 9/23: 2025_origin_py/87山寨红利
      策略编辑器在本页打开，正在迁移到新窗口...
      已在新窗口打开策略编辑器。
      回测区间: 2023-09-01 ~ 2026-02-21, 本金: ￥200000
      已出现回测完成/失败/已取消之一，等待 10 秒后按最终状态判断…
      回测完成，耗时: 00分42秒
      已追加到: /Users/liuwenlin/Documents/Self/quant/2025_origin_2023-09-01_2026-02-21.csv

[4/4] 策略 10/23: 2025_origin_py/88WY大神的“龙头打板”策略小改
      策略编辑器在本页打开，正在迁移到新窗口...
      已在新窗口打开策略编辑器。
      回测区间: 2023-09-01 ~ 2026-02-21, 本金: ￥200000
      已出现回测完成/失败/已取消之一，等待 10 秒后按最终状态判断…
      回测完成，耗时: 35分37秒
      已追加到: /Users/liuwenlin/Documents/Self/quant/2025_origin_2023-09-01_2026-02-21.csv

[4/4] 策略 11/23: 2025_origin_py/89基于Gyro.大神的小市值策略的因子匹配研究
      策略编辑器在本页打开，正在迁移到新窗口...
      已在新窗口打开策略编辑器。
      回测区间: 2023-09-01 ~ 2026-02-21, 本金: ￥200000
      已出现回测完成/失败/已取消之一，等待 10 秒后按最终状态判断…
      回测完成，耗时: 04分57秒
      已追加到: /Users/liuwenlin/Documents/Self/quant/2025_origin_2023-09-01_2026-02-21.csv

[4/4] 策略 12/23: 2025_origin_py/8国九条后中小板微盘小改，年化135.40
      策略编辑器在本页打开，正在迁移到新窗口...
      已在新窗口打开策略编辑器。
      回测区间: 2023-09-01 ~ 2026-02-21, 本金: ￥200000
      已出现回测完成/失败/已取消之一，等待 10 秒后按最终状态判断…
      回测完成，耗时: 03分08秒
      已追加到: /Users/liuwenlin/Documents/Self/quant/2025_origin_2023-09-01_2026-02-21.csv

[4/4] 策略 13/23: 2025_origin_py/90固收+
      策略编辑器在本页打开，正在迁移到新窗口...
      已在新窗口打开策略编辑器。
      回测区间: 2023-09-01 ~ 2026-02-21, 本金: ￥200000
      已出现回测完成/失败/已取消之一，等待 10 秒后按最终状态判断…
      回测完成，耗时: 00分11秒
      已追加到: /Users/liuwenlin/Documents/Self/quant/2025_origin_2023-09-01_2026-02-21.csv

[4/4] 策略 14/23: 2025_origin_py/91ETF-T0动量策略，年化 18%，回撤3.31%
      策略编辑器在本页打开，正在迁移到新窗口...
      已在新窗口打开策略编辑器。
      回测区间: 2023-09-01 ~ 2026-02-21, 本金: ￥200000
      已出现回测完成/失败/已取消之一，等待 10 秒后按最终状态判断…
      回测完成，耗时: (未解析)
      已追加到: /Users/liuwenlin/Documents/Self/quant/2025_origin_2023-09-01_2026-02-21.csv

[4/4] 策略 15/23: 2025_origin_py/92行业宽度轮动研究
      策略编辑器在本页打开，正在迁移到新窗口...
      已在新窗口打开策略编辑器。
      回测区间: 2023-09-01 ~ 2026-02-21, 本金: ￥200000
      已出现回测完成/失败/已取消之一，等待 10 秒后按最终状态判断…
      回测完成，耗时: 03分30秒
      已追加到: /Users/liuwenlin/Documents/Self/quant/2025_origin_2023-09-01_2026-02-21.csv

[4/4] 策略 16/23: 2025_origin_py/93.234板介入-2023年14倍-无未来
      策略编辑器在本页打开，正在迁移到新窗口...
      已在新窗口打开策略编辑器。
      回测区间: 2023-09-01 ~ 2026-02-21, 本金: ￥200000
      已出现回测完成/失败/已取消之一，等待 10 秒后按最终状态判断…
      回测完成，耗时: 33分21秒
      已追加到: /Users/liuwenlin/Documents/Self/quant/2025_origin_2023-09-01_2026-02-21.csv

[4/4] 策略 17/23: 2025_origin_py/94别人“拿的住”的股票最赚钱
      策略编辑器在本页打开，正在迁移到新窗口...
      已在新窗口打开策略编辑器。
      回测区间: 2023-09-01 ~ 2026-02-21, 本金: ￥200000
      已出现回测完成/失败/已取消之一，等待 10 秒后按最终状态判断…
      回测完成，耗时: 08分01秒
      已追加到: /Users/liuwenlin/Documents/Self/quant/2025_origin_2023-09-01_2026-02-21.csv

[4/4] 策略 18/23: 2025_origin_py/95学习贴《一个完整的-深度学习-神经网络pipeline》
      策略编辑器在本页打开，正在迁移到新窗口...
      已在新窗口打开策略编辑器。
      回测区间: 2023-09-01 ~ 2026-02-21, 本金: ￥200000
      已出现回测完成/失败/已取消之一，等待 10 秒后按最终状态判断…
      回测失败。
        交易详情

[4/4] 策略 19/23: 2025_origin_py/96首版+2版龙虎榜挖掘V2.0，年化1400
      策略编辑器在本页打开，正在迁移到新窗口...
      已在新窗口打开策略编辑器。
      回测区间: 2023-09-01 ~ 2026-02-21, 本金: ￥200000
      已出现回测完成/失败/已取消之一，等待 10 秒后按最终状态判断…
      回测完成，耗时: 14分15秒
      已追加到: /Users/liuwenlin/Documents/Self/quant/2025_origin_2023-09-01_2026-02-21.csv

[4/4] 策略 20/23: 2025_origin_py/97趋势筛选后相关性最小etf轮动-加速10倍版
      策略编辑器在本页打开，正在迁移到新窗口...
      已在新窗口打开策略编辑器。
      回测区间: 2023-09-01 ~ 2026-02-21, 本金: ￥200000
      已出现回测完成/失败/已取消之一，等待 10 秒后按最终状态判断…
      回测完成，耗时: (未解析)
      已追加到: /Users/liuwenlin/Documents/Self/quant/2025_origin_2023-09-01_2026-02-21.csv

[4/4] 策略 21/23: 2025_origin_py/98热点行业和热点概念-成分股-及龙一龙二龙三
      策略编辑器在本页打开，正在迁移到新窗口...
      已在新窗口打开策略编辑器。
      回测区间: 2023-09-01 ~ 2026-02-21, 本金: ￥200000
      已出现回测完成/失败/已取消之一，等待 10 秒后按最终状态判断…
      回测失败。
        交易详情

[4/4] 策略 22/23: 2025_origin_py/99韶华研究之二十，竞价异动
      策略编辑器在本页打开，正在迁移到新窗口...
      已在新窗口打开策略编辑器。
      回测区间: 2023-09-01 ~ 2026-02-21, 本金: ￥200000
      已出现回测完成/失败/已取消之一，等待 10 秒后按最终状态判断…
      回测完成，耗时: 13分16秒
      已追加到: /Users/liuwenlin/Documents/Self/quant/2025_origin_2023-09-01_2026-02-21.csv

[4/4] 策略 23/23: 2025_origin_py/9干积分-量化策略简易框架
      策略编辑器在本页打开，正在迁移到新窗口...
      已在新窗口打开策略编辑器。
      回测区间: 2023-09-01 ~ 2026-02-21, 本金: ￥200000
      已出现回测完成/失败/已取消之一，等待 10 秒后按最终状态判断…
      回测完成，耗时: 00分27秒
      已追加到: /Users/liuwenlin/Documents/Self/quant/2025_origin_2023-09-01_2026-02-21.csv

全部策略回测结束。
回测参数：2023-09-01 ~ 2026-02-21，本金 ￥200000
浏览器已关闭。
